#
# There is insufficient memory for the Java Runtime Environment to continue.
# Native memory allocation (malloc) failed to allocate 32744 bytes for ChunkPool::allocate
# Possible reasons:
#   The system is out of physical RAM or swap space
#   The process is running with CompressedOops enabled, and the Java Heap may be blocking the growth of the native heap
# Possible solutions:
#   Reduce memory load on the system
#   Increase physical memory or swap space
#   Check if swap backing store is full
#   Decrease Java heap size (-Xmx/-Xms)
#   Decrease number of Java threads
#   Decrease Java thread stack sizes (-Xss)
#   Set larger code cache with -XX:ReservedCodeCacheSize=
#   JVM is running with Zero Based Compressed Oops mode in which the Java heap is
#     placed in the first 32GB address space. The Java Heap base address is the
#     maximum limit for the native heap growth. Please use -XX:HeapBaseMinAddress
#     to set the Java Heap base and to place the Java Heap above 32GB virtual address.
# This output file may be truncated or incomplete.
#
#  Out of Memory Error (arena.cpp:81), pid=25184, tid=27548
#
# JRE version: OpenJDK Runtime Environment OpenLogic-OpenJDK (11.0.19+7) (build 11.0.19+7-adhoc..jdk11u)
# Java VM: OpenJDK 64-Bit Server VM OpenLogic-OpenJDK (11.0.19+7-adhoc..jdk11u, mixed mode, tiered, compressed oops, g1 gc, windows-amd64)
# No core dump will be written. Minidumps are not enabled by default on client versions of Windows
#

---------------  S U M M A R Y ------------

Command Line: -ea -Dwebdriver.base.url -Djunit.jupiter.extensions.autodetection.enabled=true -Didea.test.cyclic.buffer.size=1048576 -javaagent:C:\Program Files\JetBrains\IntelliJ IDEA Community Edition 2023.1\lib\idea_rt.jar=50851:C:\Program Files\JetBrains\IntelliJ IDEA Community Edition 2023.1\bin -Dfile.encoding=UTF-8 com.intellij.rt.junit.JUnitStarter -ideVersion5 -junit5 starter.acceptancetests.WhenSearchingForTerms

Host: 11th Gen Intel(R) Core(TM) i5-1135G7 @ 2.40GHz, 8 cores, 15G,  Windows 10 , 64 bit Build 19041 (10.0.19041.3155)
Time: Wed Aug 30 16:04:18 2023 India Standard Time elapsed time: 32.483300 seconds (0d 0h 0m 32s)

---------------  T H R E A D  ---------------

Current thread (0x00000277d5d48000):  JavaThread "C1 CompilerThread0" daemon [_thread_in_native, id=27548, stack(0x000000be92900000,0x000000be92a00000)]


Current CompileTask:
C1:  32483 5850       3       java.lang.reflect.ProxyGenerator$ProxyMethod::generateMethod (733 bytes)

Stack: [0x000000be92900000,0x000000be92a00000]
Native frames: (J=compiled Java code, j=interpreted, Vv=VM code, C=native code)
V  [jvm.dll+0x6412ca]
V  [jvm.dll+0x785be9]
V  [jvm.dll+0x7872e9]
V  [jvm.dll+0x7879d3]
V  [jvm.dll+0x267b85]
V  [jvm.dll+0xc0d5f]
V  [jvm.dll+0xc10ac]
V  [jvm.dll+0x183b86]
V  [jvm.dll+0x1826bb]
V  [jvm.dll+0x139fa5]
V  [jvm.dll+0x13984f]
V  [jvm.dll+0x139a84]
V  [jvm.dll+0x138dd2]
V  [jvm.dll+0x13ac6c]
V  [jvm.dll+0x22ecd9]
V  [jvm.dll+0x22ce4f]
V  [jvm.dll+0x746fc1]
V  [jvm.dll+0x73fe34]
V  [jvm.dll+0x640085]
C  [ucrtbase.dll+0x21bb2]
C  [KERNEL32.DLL+0x17614]
C  [ntdll.dll+0x526b1]


---------------  P R O C E S S  ---------------

Threads class SMR info:
_java_thread_list=0x00000277d93e9310, length=63, elements={
0x00000277afbd8800, 0x00000277d5cd3800, 0x00000277d5cdc800, 0x00000277d5d2d800,
0x00000277d5d2e800, 0x00000277d5d35000, 0x00000277d5d42800, 0x00000277d5d48000,
0x00000277d5d49000, 0x00000277afdcc800, 0x00000277d6469000, 0x00000277d9591000,
0x00000277d8831000, 0x00000277d80fa800, 0x00000277d9433000, 0x00000277d8945800,
0x00000277d94a9000, 0x00000277d88d9000, 0x00000277d60ba000, 0x00000277d94f8800,
0x00000277d7fe7800, 0x00000277d7fe7000, 0x00000277d7fe5800, 0x00000277d7fe6000,
0x00000277d89df800, 0x00000277d89e0800, 0x00000277d89de000, 0x00000277d89dc800,
0x00000277d89e1800, 0x00000277d89e2000, 0x00000277d89e3000, 0x00000277d89dd800,
0x00000277d89e4000, 0x00000277d89e4800, 0x00000277d89df000, 0x00000277d89e6000,
0x00000277d89e8800, 0x00000277d89e9800, 0x00000277d89eb000, 0x00000277d89e8000,
0x00000277d89e5800, 0x00000277d89e7000, 0x00000277d89ea800, 0x00000277d8223000,
0x00000277d821e000, 0x00000277d821e800, 0x00000277d8223800, 0x00000277d8224800,
0x00000277d8225000, 0x00000277d8222000, 0x00000277d821f800, 0x00000277d8226000,
0x00000277d8220800, 0x00000277d8227000, 0x00000277d8221000, 0x00000277d822a000,
0x00000277d8228800, 0x00000277d822c800, 0x00000277d822b000, 0x00000277d8227800,
0x00000277d8229800, 0x00000277d822b800, 0x00000277d92b1800
}

Java Threads: ( => current thread )
  0x00000277afbd8800 JavaThread "main" [_thread_blocked, id=28328, stack(0x000000be91c00000,0x000000be91d00000)]
  0x00000277d5cd3800 JavaThread "Reference Handler" daemon [_thread_blocked, id=28200, stack(0x000000be92300000,0x000000be92400000)]
  0x00000277d5cdc800 JavaThread "Finalizer" daemon [_thread_blocked, id=25436, stack(0x000000be92400000,0x000000be92500000)]
  0x00000277d5d2d800 JavaThread "Signal Dispatcher" daemon [_thread_blocked, id=25896, stack(0x000000be92500000,0x000000be92600000)]
  0x00000277d5d2e800 JavaThread "Attach Listener" daemon [_thread_blocked, id=27228, stack(0x000000be92600000,0x000000be92700000)]
  0x00000277d5d35000 JavaThread "Service Thread" daemon [_thread_blocked, id=29220, stack(0x000000be92700000,0x000000be92800000)]
  0x00000277d5d42800 JavaThread "C2 CompilerThread0" daemon [_thread_in_native, id=24816, stack(0x000000be92800000,0x000000be92900000)]
=>0x00000277d5d48000 JavaThread "C1 CompilerThread0" daemon [_thread_in_native, id=27548, stack(0x000000be92900000,0x000000be92a00000)]
  0x00000277d5d49000 JavaThread "Sweeper thread" daemon [_thread_blocked, id=23612, stack(0x000000be92a00000,0x000000be92b00000)]
  0x00000277afdcc800 JavaThread "Common-Cleaner" daemon [_thread_blocked, id=28148, stack(0x000000be92b00000,0x000000be92c00000)]
  0x00000277d6469000 JavaThread "Monitor Ctrl-Break" daemon [_thread_in_native, id=27492, stack(0x000000be92d00000,0x000000be92e00000)]
  0x00000277d9591000 JavaThread "ForkJoinPool-1-worker-3" daemon [_thread_blocked, id=1588, stack(0x000000be93500000,0x000000be93600000)]
  0x00000277d8831000 JavaThread "Forwarding get on session cd0b9d59-fa66-4a51-87f9-16366f3ad2a8 to remote" daemon [_thread_blocked, id=23460, stack(0x000000be93700000,0x000000be93800000)]
  0x00000277d80fa800 JavaThread "ForkJoinPool-1-worker-7" daemon [_thread_in_native, id=8356, stack(0x000000be93800000,0x000000be93900000)]
  0x00000277d9433000 JavaThread "Forwarding get on session e458f4ee-d909-482d-80f7-af2956ddb8ee to remote" daemon [_thread_blocked, id=23436, stack(0x000000be93900000,0x000000be93a00000)]
  0x00000277d8945800 JavaThread "ForkJoinPool-1-worker-13" daemon [_thread_blocked, id=25836, stack(0x000000be93a00000,0x000000be93b00000)]
  0x00000277d94a9000 JavaThread "Forwarding get on session 73965bd2-19c5-453a-ae73-385957a6517d to remote" daemon [_thread_blocked, id=19196, stack(0x000000be93b00000,0x000000be93c00000)]
  0x00000277d88d9000 JavaThread "ForkJoinPool-1-worker-15" daemon [_thread_blocked, id=19396, stack(0x000000be93c00000,0x000000be93d00000)]
  0x00000277d60ba000 JavaThread "ForkJoinPool-1-worker-1" daemon [_thread_blocked, id=24768, stack(0x000000be93d00000,0x000000be93e00000)]
  0x00000277d94f8800 JavaThread "AsyncHttpClient-1-1" daemon [_thread_blocked, id=20548, stack(0x000000be93e00000,0x000000be93f00000)]
  0x00000277d7fe7800 JavaThread "Exec Default Executor" daemon [_thread_in_native, id=23100, stack(0x000000be92c00000,0x000000be92d00000)]
  0x00000277d7fe7000 JavaThread "Exec Default Executor" daemon [_thread_in_native, id=20924, stack(0x000000be93f00000,0x000000be94000000)]
  0x00000277d7fe5800 JavaThread "Exec Default Executor" daemon [_thread_in_native, id=15556, stack(0x000000be94000000,0x000000be94100000)]
  0x00000277d7fe6000 JavaThread "Exec Default Executor" daemon [_thread_in_native, id=3704, stack(0x000000be94100000,0x000000be94200000)]
  0x00000277d89df800 JavaThread "Exec Stream Pumper" daemon [_thread_in_native, id=24044, stack(0x000000be94200000,0x000000be94300000)]
  0x00000277d89e0800 JavaThread "Exec Stream Pumper" daemon [_thread_in_native, id=27092, stack(0x000000be94300000,0x000000be94400000)]
  0x00000277d89de000 JavaThread "Exec Stream Pumper" daemon [_thread_in_native, id=4224, stack(0x000000be94400000,0x000000be94500000)]
  0x00000277d89dc800 JavaThread "Exec Stream Pumper" daemon [_thread_in_native, id=29492, stack(0x000000be94500000,0x000000be94600000)]
  0x00000277d89e1800 JavaThread "Driver Service Executor" daemon [_thread_blocked, id=22640, stack(0x000000be94600000,0x000000be94700000)]
  0x00000277d89e2000 JavaThread "Driver Service Executor" daemon [_thread_blocked, id=28592, stack(0x000000be94700000,0x000000be94800000)]
  0x00000277d89e3000 JavaThread "Exec Stream Pumper" daemon [_thread_in_native, id=27780, stack(0x000000be94900000,0x000000be94a00000)]
  0x00000277d89dd800 JavaThread "Exec Stream Pumper" daemon [_thread_in_native, id=21148, stack(0x000000be94a00000,0x000000be94b00000)]
  0x00000277d89e4000 JavaThread "Driver Service Executor" daemon [_thread_blocked, id=27132, stack(0x000000be94b00000,0x000000be94c00000)]
  0x00000277d89e4800 JavaThread "Driver Service Executor" daemon [_thread_blocked, id=23396, stack(0x000000be94c00000,0x000000be94d00000)]
  0x00000277d89df000 JavaThread "Driver Service Executor" daemon [_thread_blocked, id=28404, stack(0x000000be94d00000,0x000000be94e00000)]
  0x00000277d89e6000 JavaThread "Driver Service Executor" daemon [_thread_blocked, id=28260, stack(0x000000be94e00000,0x000000be94f00000)]
  0x00000277d89e8800 JavaThread "Exec Stream Pumper" daemon [_thread_in_native, id=5452, stack(0x000000be94f00000,0x000000be95000000)]
  0x00000277d89e9800 JavaThread "Exec Stream Pumper" daemon [_thread_in_native, id=29292, stack(0x000000be95000000,0x000000be95100000)]
  0x00000277d89eb000 JavaThread "Driver Service Executor" daemon [_thread_blocked, id=28852, stack(0x000000be95100000,0x000000be95200000)]
  0x00000277d89e8000 JavaThread "Driver Service Executor" daemon [_thread_blocked, id=24552, stack(0x000000be95200000,0x000000be95300000)]
  0x00000277d89e5800 JavaThread "AsyncHttpClient-1-2" daemon [_thread_in_native, id=25632, stack(0x000000be95300000,0x000000be95400000)]
  0x00000277d89e7000 JavaThread "AsyncHttpClient-1-5" daemon [_thread_in_native, id=10144, stack(0x000000be95400000,0x000000be95500000)]
  0x00000277d89ea800 JavaThread "AsyncHttpClient-1-4" daemon [_thread_in_native, id=19276, stack(0x000000be95500000,0x000000be95600000)]
  0x00000277d8223000 JavaThread "AsyncHttpClient-1-3" daemon [_thread_in_native, id=28468, stack(0x000000be95600000,0x000000be95700000)]
  0x00000277d821e000 JavaThread "ForkJoinPool-1-worker-17" daemon [_thread_blocked, id=23572, stack(0x000000be95700000,0x000000be95800000)]
  0x00000277d821e800 JavaThread "AsyncHttpClient-1-6" daemon [_thread_in_native, id=31252, stack(0x000000be95800000,0x000000be95900000)]
  0x00000277d8223800 JavaThread "AsyncHttpClient-1-7" daemon [_thread_in_native, id=31248, stack(0x000000be95900000,0x000000be95a00000)]
  0x00000277d8224800 JavaThread "AsyncHttpClient-1-8" daemon [_thread_in_native, id=30340, stack(0x000000be95a00000,0x000000be95b00000)]
  0x00000277d8225000 JavaThread "AsyncHttpClient-1-9" daemon [_thread_in_native, id=30288, stack(0x000000be95b00000,0x000000be95c00000)]
  0x00000277d8222000 JavaThread "OkHttp TaskRunner" daemon [_thread_blocked, id=30264, stack(0x000000be95c00000,0x000000be95d00000)]
  0x00000277d821f800 JavaThread "OkHttp TaskRunner" daemon [_thread_blocked, id=30292, stack(0x000000be95d00000,0x000000be95e00000)]
  0x00000277d8226000 JavaThread "OkHttp TaskRunner" daemon [_thread_blocked, id=30616, stack(0x000000be95e00000,0x000000be95f00000)]
  0x00000277d8220800 JavaThread "OkHttp TaskRunner" daemon [_thread_blocked, id=30232, stack(0x000000be95f00000,0x000000be96000000)]
  0x00000277d8227000 JavaThread "OkHttp TaskRunner" daemon [_thread_blocked, id=31232, stack(0x000000be96000000,0x000000be96100000)]
  0x00000277d8221000 JavaThread "OkHttp TaskRunner" daemon [_thread_blocked, id=27840, stack(0x000000be96100000,0x000000be96200000)]
  0x00000277d822a000 JavaThread "OkHttp TaskRunner" daemon [_thread_blocked, id=31236, stack(0x000000be96200000,0x000000be96300000)]
  0x00000277d8228800 JavaThread "OkHttp TaskRunner" daemon [_thread_blocked, id=31228, stack(0x000000be96300000,0x000000be96400000)]
  0x00000277d822c800 JavaThread "Okio Watchdog" daemon [_thread_blocked, id=31220, stack(0x000000be96400000,0x000000be96500000)]
  0x00000277d822b000 JavaThread "OkHttp Dispatcher" [_thread_blocked, id=30348, stack(0x000000be96500000,0x000000be96600000)]
  0x00000277d8227800 JavaThread "OkHttp Dispatcher" [_thread_blocked, id=30352, stack(0x000000be96600000,0x000000be96700000)]
  0x00000277d8229800 JavaThread "OkHttp Dispatcher" [_thread_blocked, id=30768, stack(0x000000be96700000,0x000000be96800000)]
  0x00000277d822b800 JavaThread "OkHttp Dispatcher" [_thread_blocked, id=14984, stack(0x000000be96800000,0x000000be96900000)]
  0x00000277d92b1800 JavaThread "Darkroom Processing Line" daemon [_thread_blocked, id=30276, stack(0x000000be91800000,0x000000be91900000)]

Other Threads:
  0x00000277d5caf000 VMThread "VM Thread" [stack: 0x000000be92200000,0x000000be92300000] [id=24588]
  0x00000277d6397800 WatcherThread [stack: 0x000000be92e00000,0x000000be92f00000] [id=29512]
  0x00000277b0492000 GCTaskThread "GC Thread#0" [stack: 0x000000be91d00000,0x000000be91e00000] [id=15180]
  0x00000277d70ec800 GCTaskThread "GC Thread#1" [stack: 0x000000be93000000,0x000000be93100000] [id=14080]
  0x00000277d6dbf800 GCTaskThread "GC Thread#2" [stack: 0x000000be93100000,0x000000be93200000] [id=27400]
  0x00000277d709a000 GCTaskThread "GC Thread#3" [stack: 0x000000be93200000,0x000000be93300000] [id=12412]
  0x00000277d6df7800 GCTaskThread "GC Thread#4" [stack: 0x000000be93300000,0x000000be93400000] [id=27796]
  0x00000277d6b31800 GCTaskThread "GC Thread#5" [stack: 0x000000be93400000,0x000000be93500000] [id=27476]
  0x00000277d7f95800 GCTaskThread "GC Thread#6" [stack: 0x000000be96900000,0x000000be96a00000] [id=30648]
  0x00000277d7121000 GCTaskThread "GC Thread#7" [stack: 0x000000be96a00000,0x000000be96b00000] [id=30360]
  0x00000277afc00000 ConcurrentGCThread "G1 Main Marker" [stack: 0x000000be91e00000,0x000000be91f00000] [id=24604]
  0x00000277afc01000 ConcurrentGCThread "G1 Conc#0" [stack: 0x000000be91f00000,0x000000be92000000] [id=12340]
  0x00000277d9332000 ConcurrentGCThread "G1 Conc#1" [stack: 0x000000be93600000,0x000000be93700000] [id=26872]
  0x00000277afd4f800 ConcurrentGCThread "G1 Refine#0" [stack: 0x000000be92000000,0x000000be92100000] [id=27452]
  0x00000277afd50800 ConcurrentGCThread "G1 Young RemSet Sampling" [stack: 0x000000be92100000,0x000000be92200000] [id=10840]

Threads with active compile tasks:
C2 CompilerThread0    33213 5885   !   4       java.util.concurrent.ConcurrentHashMap::computeIfAbsent (576 bytes)
C1 CompilerThread0    33214 5850       3       java.lang.reflect.ProxyGenerator$ProxyMethod::generateMethod (733 bytes)

VM state:not at safepoint (normal execution)

VM Mutex/Monitor currently owned by a thread: None

Heap address: 0x0000000704000000, size: 4032 MB, Compressed Oops mode: Zero based, Oop shift amount: 3
Narrow klass base: 0x0000000800000000, Narrow klass shift: 0
Compressed class space size: 1073741824 Address: 0x0000000800000000

Heap:
 garbage-first heap   total 258048K, used 81317K [0x0000000704000000, 0x0000000800000000)
  region size 1024K, 46 young (47104K), 13 survivors (13312K)
 Metaspace       used 51257K, capacity 52743K, committed 52856K, reserved 1095680K
  class space    used 6191K, capacity 6774K, committed 6784K, reserved 1048576K
Heap Regions: E=young(eden), S=young(survivor), O=old, HS=humongous(starts), HC=humongous(continues), CS=collection set, F=free, A=archive, TAMS=top-at-mark-start (previous, next)
|   0|0x0000000704000000, 0x0000000704100000, 0x0000000704100000|100%|HS|  |TAMS 0x0000000704100000, 0x0000000704000000| Complete 
|   1|0x0000000704100000, 0x0000000704200000, 0x0000000704200000|100%|HC|  |TAMS 0x0000000704200000, 0x0000000704100000| Complete 
|   2|0x0000000704200000, 0x0000000704300000, 0x0000000704300000|100%| O|  |TAMS 0x0000000704300000, 0x0000000704200000| Untracked 
|   3|0x0000000704300000, 0x0000000704400000, 0x0000000704400000|100%| O|  |TAMS 0x0000000704400000, 0x0000000704300000| Untracked 
|   4|0x0000000704400000, 0x0000000704500000, 0x0000000704500000|100%| O|  |TAMS 0x0000000704500000, 0x0000000704400000| Untracked 
|   5|0x0000000704500000, 0x0000000704600000, 0x0000000704600000|100%| O|  |TAMS 0x0000000704600000, 0x0000000704500000| Untracked 
|   6|0x0000000704600000, 0x0000000704700000, 0x0000000704700000|100%| O|  |TAMS 0x0000000704700000, 0x0000000704600000| Untracked 
|   7|0x0000000704700000, 0x0000000704800000, 0x0000000704800000|100%| O|  |TAMS 0x0000000704800000, 0x0000000704700000| Untracked 
|   8|0x0000000704800000, 0x0000000704900000, 0x0000000704900000|100%| O|  |TAMS 0x0000000704900000, 0x0000000704800000| Untracked 
|   9|0x0000000704900000, 0x0000000704a00000, 0x0000000704a00000|100%| O|  |TAMS 0x0000000704a00000, 0x0000000704900000| Untracked 
|  10|0x0000000704a00000, 0x0000000704b00000, 0x0000000704b00000|100%| O|  |TAMS 0x0000000704b00000, 0x0000000704a00000| Untracked 
|  11|0x0000000704b00000, 0x0000000704c00000, 0x0000000704c00000|100%| O|  |TAMS 0x0000000704c00000, 0x0000000704b00000| Untracked 
|  12|0x0000000704c00000, 0x0000000704d00000, 0x0000000704d00000|100%| O|  |TAMS 0x0000000704d00000, 0x0000000704c00000| Untracked 
|  13|0x0000000704d00000, 0x0000000704e00000, 0x0000000704e00000|100%| O|  |TAMS 0x0000000704e00000, 0x0000000704d00000| Untracked 
|  14|0x0000000704e00000, 0x0000000704efa600, 0x0000000704f00000| 97%| O|  |TAMS 0x0000000704efa600, 0x0000000704e00000| Untracked 
|  15|0x0000000704f00000, 0x0000000705000000, 0x0000000705000000|100%|HS|  |TAMS 0x0000000704f00000, 0x0000000704f00000| Complete 
|  16|0x0000000705000000, 0x0000000705100000, 0x0000000705100000|100%|HC|  |TAMS 0x0000000705000000, 0x0000000705000000| Complete 
|  17|0x0000000705100000, 0x0000000705200000, 0x0000000705200000|100%|HC|  |TAMS 0x0000000705100000, 0x0000000705100000| Complete 
|  18|0x0000000705200000, 0x0000000705300000, 0x0000000705300000|100%|HC|  |TAMS 0x0000000705200000, 0x0000000705200000| Complete 
|  19|0x0000000705300000, 0x0000000705400000, 0x0000000705400000|100%|HC|  |TAMS 0x0000000705300000, 0x0000000705300000| Complete 
|  20|0x0000000705400000, 0x0000000705500000, 0x0000000705500000|100%|HS|  |TAMS 0x0000000705400000, 0x0000000705400000| Complete 
|  21|0x0000000705500000, 0x0000000705600000, 0x0000000705600000|100%|HC|  |TAMS 0x0000000705500000, 0x0000000705500000| Complete 
|  22|0x0000000705600000, 0x0000000705700000, 0x0000000705700000|100%|HC|  |TAMS 0x0000000705600000, 0x0000000705600000| Complete 
|  23|0x0000000705700000, 0x0000000705800000, 0x0000000705800000|100%|HC|  |TAMS 0x0000000705700000, 0x0000000705700000| Complete 
|  24|0x0000000705800000, 0x0000000705900000, 0x0000000705900000|100%|HC|  |TAMS 0x0000000705800000, 0x0000000705800000| Complete 
|  25|0x0000000705900000, 0x0000000705a00000, 0x0000000705a00000|100%|HS|  |TAMS 0x0000000705900000, 0x0000000705900000| Complete 
|  26|0x0000000705a00000, 0x0000000705b00000, 0x0000000705b00000|100%|HC|  |TAMS 0x0000000705a00000, 0x0000000705a00000| Complete 
|  27|0x0000000705b00000, 0x0000000705c00000, 0x0000000705c00000|100%|HC|  |TAMS 0x0000000705b00000, 0x0000000705b00000| Complete 
|  28|0x0000000705c00000, 0x0000000705d00000, 0x0000000705d00000|100%|HC|  |TAMS 0x0000000705c00000, 0x0000000705c00000| Complete 
|  29|0x0000000705d00000, 0x0000000705e00000, 0x0000000705e00000|100%|HC|  |TAMS 0x0000000705d00000, 0x0000000705d00000| Complete 
|  30|0x0000000705e00000, 0x0000000705f00000, 0x0000000705f00000|100%|HS|  |TAMS 0x0000000705e00000, 0x0000000705e00000| Complete 
|  31|0x0000000705f00000, 0x0000000706000000, 0x0000000706000000|100%|HC|  |TAMS 0x0000000705f00000, 0x0000000705f00000| Complete 
|  32|0x0000000706000000, 0x0000000706100000, 0x0000000706100000|100%|HC|  |TAMS 0x0000000706000000, 0x0000000706000000| Complete 
|  33|0x0000000706100000, 0x0000000706200000, 0x0000000706200000|100%|HC|  |TAMS 0x0000000706100000, 0x0000000706100000| Complete 
|  34|0x0000000706200000, 0x0000000706300000, 0x0000000706300000|100%|HC|  |TAMS 0x0000000706200000, 0x0000000706200000| Complete 
|  35|0x0000000706300000, 0x0000000706300000, 0x0000000706400000|  0%| F|  |TAMS 0x0000000706300000, 0x0000000706300000| Untracked 
|  36|0x0000000706400000, 0x0000000706400000, 0x0000000706500000|  0%| F|  |TAMS 0x0000000706400000, 0x0000000706400000| Untracked 
|  37|0x0000000706500000, 0x0000000706500000, 0x0000000706600000|  0%| F|  |TAMS 0x0000000706500000, 0x0000000706500000| Untracked 
|  38|0x0000000706600000, 0x0000000706600000, 0x0000000706700000|  0%| F|  |TAMS 0x0000000706600000, 0x0000000706600000| Untracked 
|  39|0x0000000706700000, 0x0000000706700000, 0x0000000706800000|  0%| F|  |TAMS 0x0000000706700000, 0x0000000706700000| Untracked 
|  40|0x0000000706800000, 0x0000000706800000, 0x0000000706900000|  0%| F|  |TAMS 0x0000000706800000, 0x0000000706800000| Untracked 
|  41|0x0000000706900000, 0x0000000706900000, 0x0000000706a00000|  0%| F|  |TAMS 0x0000000706900000, 0x0000000706900000| Untracked 
|  42|0x0000000706a00000, 0x0000000706a00000, 0x0000000706b00000|  0%| F|  |TAMS 0x0000000706a00000, 0x0000000706a00000| Untracked 
|  43|0x0000000706b00000, 0x0000000706b00000, 0x0000000706c00000|  0%| F|  |TAMS 0x0000000706b00000, 0x0000000706b00000| Untracked 
|  44|0x0000000706c00000, 0x0000000706c00000, 0x0000000706d00000|  0%| F|  |TAMS 0x0000000706c00000, 0x0000000706c00000| Untracked 
|  45|0x0000000706d00000, 0x0000000706d00000, 0x0000000706e00000|  0%| F|  |TAMS 0x0000000706d00000, 0x0000000706d00000| Untracked 
|  46|0x0000000706e00000, 0x0000000706e00000, 0x0000000706f00000|  0%| F|  |TAMS 0x0000000706e00000, 0x0000000706e00000| Untracked 
|  47|0x0000000706f00000, 0x0000000706f00000, 0x0000000707000000|  0%| F|  |TAMS 0x0000000706f00000, 0x0000000706f00000| Untracked 
|  48|0x0000000707000000, 0x0000000707000000, 0x0000000707100000|  0%| F|  |TAMS 0x0000000707000000, 0x0000000707000000| Untracked 
|  49|0x0000000707100000, 0x0000000707100000, 0x0000000707200000|  0%| F|  |TAMS 0x0000000707100000, 0x0000000707100000| Untracked 
|  50|0x0000000707200000, 0x0000000707200000, 0x0000000707300000|  0%| F|  |TAMS 0x0000000707200000, 0x0000000707200000| Untracked 
|  51|0x0000000707300000, 0x0000000707300000, 0x0000000707400000|  0%| F|  |TAMS 0x0000000707300000, 0x0000000707300000| Untracked 
|  52|0x0000000707400000, 0x0000000707400000, 0x0000000707500000|  0%| F|  |TAMS 0x0000000707400000, 0x0000000707400000| Untracked 
|  53|0x0000000707500000, 0x0000000707500000, 0x0000000707600000|  0%| F|  |TAMS 0x0000000707500000, 0x0000000707500000| Untracked 
|  54|0x0000000707600000, 0x0000000707600000, 0x0000000707700000|  0%| F|  |TAMS 0x0000000707600000, 0x0000000707600000| Untracked 
|  55|0x0000000707700000, 0x0000000707700000, 0x0000000707800000|  0%| F|  |TAMS 0x0000000707700000, 0x0000000707700000| Untracked 
|  56|0x0000000707800000, 0x0000000707800000, 0x0000000707900000|  0%| F|  |TAMS 0x0000000707800000, 0x0000000707800000| Untracked 
|  57|0x0000000707900000, 0x0000000707900000, 0x0000000707a00000|  0%| F|  |TAMS 0x0000000707900000, 0x0000000707900000| Untracked 
|  58|0x0000000707a00000, 0x0000000707a00000, 0x0000000707b00000|  0%| F|  |TAMS 0x0000000707a00000, 0x0000000707a00000| Untracked 
|  59|0x0000000707b00000, 0x0000000707b00000, 0x0000000707c00000|  0%| F|  |TAMS 0x0000000707b00000, 0x0000000707b00000| Untracked 
|  60|0x0000000707c00000, 0x0000000707c00000, 0x0000000707d00000|  0%| F|  |TAMS 0x0000000707c00000, 0x0000000707c00000| Untracked 
|  61|0x0000000707d00000, 0x0000000707d00000, 0x0000000707e00000|  0%| F|  |TAMS 0x0000000707d00000, 0x0000000707d00000| Untracked 
|  62|0x0000000707e00000, 0x0000000707e00000, 0x0000000707f00000|  0%| F|  |TAMS 0x0000000707e00000, 0x0000000707e00000| Untracked 
|  63|0x0000000707f00000, 0x0000000707f00000, 0x0000000708000000|  0%| F|  |TAMS 0x0000000707f00000, 0x0000000707f00000| Untracked 
|  64|0x0000000708000000, 0x0000000708000000, 0x0000000708100000|  0%| F|  |TAMS 0x0000000708000000, 0x0000000708000000| Untracked 
|  65|0x0000000708100000, 0x0000000708100000, 0x0000000708200000|  0%| F|  |TAMS 0x0000000708100000, 0x0000000708100000| Untracked 
|  66|0x0000000708200000, 0x0000000708200000, 0x0000000708300000|  0%| F|  |TAMS 0x0000000708200000, 0x0000000708200000| Untracked 
|  67|0x0000000708300000, 0x0000000708300000, 0x0000000708400000|  0%| F|  |TAMS 0x0000000708300000, 0x0000000708300000| Untracked 
|  68|0x0000000708400000, 0x0000000708400000, 0x0000000708500000|  0%| F|  |TAMS 0x0000000708400000, 0x0000000708400000| Untracked 
|  69|0x0000000708500000, 0x0000000708500000, 0x0000000708600000|  0%| F|  |TAMS 0x0000000708500000, 0x0000000708500000| Untracked 
|  70|0x0000000708600000, 0x0000000708600000, 0x0000000708700000|  0%| F|  |TAMS 0x0000000708600000, 0x0000000708600000| Untracked 
|  71|0x0000000708700000, 0x0000000708700000, 0x0000000708800000|  0%| F|  |TAMS 0x0000000708700000, 0x0000000708700000| Untracked 
|  72|0x0000000708800000, 0x0000000708800000, 0x0000000708900000|  0%| F|  |TAMS 0x0000000708800000, 0x0000000708800000| Untracked 
|  73|0x0000000708900000, 0x0000000708900000, 0x0000000708a00000|  0%| F|  |TAMS 0x0000000708900000, 0x0000000708900000| Untracked 
|  74|0x0000000708a00000, 0x0000000708a00000, 0x0000000708b00000|  0%| F|  |TAMS 0x0000000708a00000, 0x0000000708a00000| Untracked 
|  75|0x0000000708b00000, 0x0000000708b00000, 0x0000000708c00000|  0%| F|  |TAMS 0x0000000708b00000, 0x0000000708b00000| Untracked 
|  76|0x0000000708c00000, 0x0000000708c00000, 0x0000000708d00000|  0%| F|  |TAMS 0x0000000708c00000, 0x0000000708c00000| Untracked 
|  77|0x0000000708d00000, 0x0000000708d00000, 0x0000000708e00000|  0%| F|  |TAMS 0x0000000708d00000, 0x0000000708d00000| Untracked 
|  78|0x0000000708e00000, 0x0000000708e00000, 0x0000000708f00000|  0%| F|  |TAMS 0x0000000708e00000, 0x0000000708e00000| Untracked 
|  79|0x0000000708f00000, 0x0000000708f00000, 0x0000000709000000|  0%| F|  |TAMS 0x0000000708f00000, 0x0000000708f00000| Untracked 
|  80|0x0000000709000000, 0x0000000709000000, 0x0000000709100000|  0%| F|  |TAMS 0x0000000709000000, 0x0000000709000000| Untracked 
|  81|0x0000000709100000, 0x0000000709100000, 0x0000000709200000|  0%| F|  |TAMS 0x0000000709100000, 0x0000000709100000| Untracked 
|  82|0x0000000709200000, 0x0000000709200000, 0x0000000709300000|  0%| F|  |TAMS 0x0000000709200000, 0x0000000709200000| Untracked 
|  83|0x0000000709300000, 0x0000000709300000, 0x0000000709400000|  0%| F|  |TAMS 0x0000000709300000, 0x0000000709300000| Untracked 
|  84|0x0000000709400000, 0x0000000709400000, 0x0000000709500000|  0%| F|  |TAMS 0x0000000709400000, 0x0000000709400000| Untracked 
|  85|0x0000000709500000, 0x0000000709500000, 0x0000000709600000|  0%| F|  |TAMS 0x0000000709500000, 0x0000000709500000| Untracked 
|  86|0x0000000709600000, 0x0000000709600000, 0x0000000709700000|  0%| F|  |TAMS 0x0000000709600000, 0x0000000709600000| Untracked 
|  87|0x0000000709700000, 0x0000000709700000, 0x0000000709800000|  0%| F|  |TAMS 0x0000000709700000, 0x0000000709700000| Untracked 
|  88|0x0000000709800000, 0x0000000709800000, 0x0000000709900000|  0%| F|  |TAMS 0x0000000709800000, 0x0000000709800000| Untracked 
|  89|0x0000000709900000, 0x0000000709900000, 0x0000000709a00000|  0%| F|  |TAMS 0x0000000709900000, 0x0000000709900000| Untracked 
|  90|0x0000000709a00000, 0x0000000709a00000, 0x0000000709b00000|  0%| F|  |TAMS 0x0000000709a00000, 0x0000000709a00000| Untracked 
|  91|0x0000000709b00000, 0x0000000709b00000, 0x0000000709c00000|  0%| F|  |TAMS 0x0000000709b00000, 0x0000000709b00000| Untracked 
|  92|0x0000000709c00000, 0x0000000709c6f1f8, 0x0000000709d00000| 43%| S|CS|TAMS 0x0000000709c00000, 0x0000000709c00000| Complete 
|  93|0x0000000709d00000, 0x0000000709e00000, 0x0000000709e00000|100%| S|CS|TAMS 0x0000000709d00000, 0x0000000709d00000| Complete 
|  94|0x0000000709e00000, 0x0000000709f00000, 0x0000000709f00000|100%| S|CS|TAMS 0x0000000709e00000, 0x0000000709e00000| Complete 
|  95|0x0000000709f00000, 0x000000070a000000, 0x000000070a000000|100%| S|CS|TAMS 0x0000000709f00000, 0x0000000709f00000| Complete 
|  96|0x000000070a000000, 0x000000070a100000, 0x000000070a100000|100%| S|CS|TAMS 0x000000070a000000, 0x000000070a000000| Complete 
|  97|0x000000070a100000, 0x000000070a200000, 0x000000070a200000|100%| S|CS|TAMS 0x000000070a100000, 0x000000070a100000| Complete 
|  98|0x000000070a200000, 0x000000070a300000, 0x000000070a300000|100%| S|CS|TAMS 0x000000070a200000, 0x000000070a200000| Complete 
|  99|0x000000070a300000, 0x000000070a400000, 0x000000070a400000|100%| S|CS|TAMS 0x000000070a300000, 0x000000070a300000| Complete 
| 100|0x000000070a400000, 0x000000070a500000, 0x000000070a500000|100%| S|CS|TAMS 0x000000070a400000, 0x000000070a400000| Complete 
| 101|0x000000070a500000, 0x000000070a600000, 0x000000070a600000|100%| S|CS|TAMS 0x000000070a500000, 0x000000070a500000| Complete 
| 102|0x000000070a600000, 0x000000070a700000, 0x000000070a700000|100%| S|CS|TAMS 0x000000070a600000, 0x000000070a600000| Complete 
| 103|0x000000070a700000, 0x000000070a800000, 0x000000070a800000|100%| S|CS|TAMS 0x000000070a700000, 0x000000070a700000| Complete 
| 104|0x000000070a800000, 0x000000070a900000, 0x000000070a900000|100%| S|CS|TAMS 0x000000070a800000, 0x000000070a800000| Complete 
| 105|0x000000070a900000, 0x000000070a900000, 0x000000070aa00000|  0%| F|  |TAMS 0x000000070a900000, 0x000000070a900000| Untracked 
| 106|0x000000070aa00000, 0x000000070aa00000, 0x000000070ab00000|  0%| F|  |TAMS 0x000000070aa00000, 0x000000070aa00000| Untracked 
| 107|0x000000070ab00000, 0x000000070ab00000, 0x000000070ac00000|  0%| F|  |TAMS 0x000000070ab00000, 0x000000070ab00000| Untracked 
| 108|0x000000070ac00000, 0x000000070ac00000, 0x000000070ad00000|  0%| F|  |TAMS 0x000000070ac00000, 0x000000070ac00000| Untracked 
| 109|0x000000070ad00000, 0x000000070ad00000, 0x000000070ae00000|  0%| F|  |TAMS 0x000000070ad00000, 0x000000070ad00000| Untracked 
| 110|0x000000070ae00000, 0x000000070ae00000, 0x000000070af00000|  0%| F|  |TAMS 0x000000070ae00000, 0x000000070ae00000| Untracked 
| 111|0x000000070af00000, 0x000000070af00000, 0x000000070b000000|  0%| F|  |TAMS 0x000000070af00000, 0x000000070af00000| Untracked 
| 112|0x000000070b000000, 0x000000070b000000, 0x000000070b100000|  0%| F|  |TAMS 0x000000070b000000, 0x000000070b000000| Untracked 
| 113|0x000000070b100000, 0x000000070b100000, 0x000000070b200000|  0%| F|  |TAMS 0x000000070b100000, 0x000000070b100000| Untracked 
| 114|0x000000070b200000, 0x000000070b200000, 0x000000070b300000|  0%| F|  |TAMS 0x000000070b200000, 0x000000070b200000| Untracked 
| 115|0x000000070b300000, 0x000000070b300000, 0x000000070b400000|  0%| F|  |TAMS 0x000000070b300000, 0x000000070b300000| Untracked 
| 116|0x000000070b400000, 0x000000070b400000, 0x000000070b500000|  0%| F|  |TAMS 0x000000070b400000, 0x000000070b400000| Untracked 
| 117|0x000000070b500000, 0x000000070b500000, 0x000000070b600000|  0%| F|  |TAMS 0x000000070b500000, 0x000000070b500000| Untracked 
| 118|0x000000070b600000, 0x000000070b600000, 0x000000070b700000|  0%| F|  |TAMS 0x000000070b600000, 0x000000070b600000| Untracked 
| 119|0x000000070b700000, 0x000000070b700000, 0x000000070b800000|  0%| F|  |TAMS 0x000000070b700000, 0x000000070b700000| Untracked 
| 120|0x000000070b800000, 0x000000070b800000, 0x000000070b900000|  0%| F|  |TAMS 0x000000070b800000, 0x000000070b800000| Untracked 
| 121|0x000000070b900000, 0x000000070b900000, 0x000000070ba00000|  0%| F|  |TAMS 0x000000070b900000, 0x000000070b900000| Untracked 
| 122|0x000000070ba00000, 0x000000070ba00000, 0x000000070bb00000|  0%| F|  |TAMS 0x000000070ba00000, 0x000000070ba00000| Untracked 
| 123|0x000000070bb00000, 0x000000070bb00000, 0x000000070bc00000|  0%| F|  |TAMS 0x000000070bb00000, 0x000000070bb00000| Untracked 
| 124|0x000000070bc00000, 0x000000070bc00000, 0x000000070bd00000|  0%| F|  |TAMS 0x000000070bc00000, 0x000000070bc00000| Untracked 
| 125|0x000000070bd00000, 0x000000070bd00000, 0x000000070be00000|  0%| F|  |TAMS 0x000000070bd00000, 0x000000070bd00000| Untracked 
| 126|0x000000070be00000, 0x000000070be00000, 0x000000070bf00000|  0%| F|  |TAMS 0x000000070be00000, 0x000000070be00000| Untracked 
| 127|0x000000070bf00000, 0x000000070bf00000, 0x000000070c000000|  0%| F|  |TAMS 0x000000070bf00000, 0x000000070bf00000| Untracked 
| 128|0x000000070c000000, 0x000000070c000000, 0x000000070c100000|  0%| F|  |TAMS 0x000000070c000000, 0x000000070c000000| Untracked 
| 129|0x000000070c100000, 0x000000070c100000, 0x000000070c200000|  0%| F|  |TAMS 0x000000070c100000, 0x000000070c100000| Untracked 
| 130|0x000000070c200000, 0x000000070c200000, 0x000000070c300000|  0%| F|  |TAMS 0x000000070c200000, 0x000000070c200000| Untracked 
| 131|0x000000070c300000, 0x000000070c300000, 0x000000070c400000|  0%| F|  |TAMS 0x000000070c300000, 0x000000070c300000| Untracked 
| 132|0x000000070c400000, 0x000000070c400000, 0x000000070c500000|  0%| F|  |TAMS 0x000000070c400000, 0x000000070c400000| Untracked 
| 133|0x000000070c500000, 0x000000070c500000, 0x000000070c600000|  0%| F|  |TAMS 0x000000070c500000, 0x000000070c500000| Untracked 
| 134|0x000000070c600000, 0x000000070c600000, 0x000000070c700000|  0%| F|  |TAMS 0x000000070c600000, 0x000000070c600000| Untracked 
| 135|0x000000070c700000, 0x000000070c700000, 0x000000070c800000|  0%| F|  |TAMS 0x000000070c700000, 0x000000070c700000| Untracked 
| 136|0x000000070c800000, 0x000000070c800000, 0x000000070c900000|  0%| F|  |TAMS 0x000000070c800000, 0x000000070c800000| Untracked 
| 137|0x000000070c900000, 0x000000070c900000, 0x000000070ca00000|  0%| F|  |TAMS 0x000000070c900000, 0x000000070c900000| Untracked 
| 138|0x000000070ca00000, 0x000000070ca00000, 0x000000070cb00000|  0%| F|  |TAMS 0x000000070ca00000, 0x000000070ca00000| Untracked 
| 139|0x000000070cb00000, 0x000000070cb00000, 0x000000070cc00000|  0%| F|  |TAMS 0x000000070cb00000, 0x000000070cb00000| Untracked 
| 140|0x000000070cc00000, 0x000000070cc00000, 0x000000070cd00000|  0%| F|  |TAMS 0x000000070cc00000, 0x000000070cc00000| Untracked 
| 141|0x000000070cd00000, 0x000000070cd00000, 0x000000070ce00000|  0%| F|  |TAMS 0x000000070cd00000, 0x000000070cd00000| Untracked 
| 142|0x000000070ce00000, 0x000000070ce00000, 0x000000070cf00000|  0%| F|  |TAMS 0x000000070ce00000, 0x000000070ce00000| Untracked 
| 143|0x000000070cf00000, 0x000000070cf00000, 0x000000070d000000|  0%| F|  |TAMS 0x000000070cf00000, 0x000000070cf00000| Untracked 
| 144|0x000000070d000000, 0x000000070d000000, 0x000000070d100000|  0%| F|  |TAMS 0x000000070d000000, 0x000000070d000000| Untracked 
| 145|0x000000070d100000, 0x000000070d100000, 0x000000070d200000|  0%| F|  |TAMS 0x000000070d100000, 0x000000070d100000| Untracked 
| 146|0x000000070d200000, 0x000000070d200000, 0x000000070d300000|  0%| F|  |TAMS 0x000000070d200000, 0x000000070d200000| Untracked 
| 147|0x000000070d300000, 0x000000070d300000, 0x000000070d400000|  0%| F|  |TAMS 0x000000070d300000, 0x000000070d300000| Untracked 
| 148|0x000000070d400000, 0x000000070d400000, 0x000000070d500000|  0%| F|  |TAMS 0x000000070d400000, 0x000000070d400000| Untracked 
| 149|0x000000070d500000, 0x000000070d500000, 0x000000070d600000|  0%| F|  |TAMS 0x000000070d500000, 0x000000070d500000| Untracked 
| 150|0x000000070d600000, 0x000000070d600000, 0x000000070d700000|  0%| F|  |TAMS 0x000000070d600000, 0x000000070d600000| Untracked 
| 151|0x000000070d700000, 0x000000070d700000, 0x000000070d800000|  0%| F|  |TAMS 0x000000070d700000, 0x000000070d700000| Untracked 
| 152|0x000000070d800000, 0x000000070d800000, 0x000000070d900000|  0%| F|  |TAMS 0x000000070d800000, 0x000000070d800000| Untracked 
| 153|0x000000070d900000, 0x000000070d900000, 0x000000070da00000|  0%| F|  |TAMS 0x000000070d900000, 0x000000070d900000| Untracked 
| 154|0x000000070da00000, 0x000000070da00000, 0x000000070db00000|  0%| F|  |TAMS 0x000000070da00000, 0x000000070da00000| Untracked 
| 155|0x000000070db00000, 0x000000070db00000, 0x000000070dc00000|  0%| F|  |TAMS 0x000000070db00000, 0x000000070db00000| Untracked 
| 156|0x000000070dc00000, 0x000000070dc00000, 0x000000070dd00000|  0%| F|  |TAMS 0x000000070dc00000, 0x000000070dc00000| Untracked 
| 157|0x000000070dd00000, 0x000000070dd00000, 0x000000070de00000|  0%| F|  |TAMS 0x000000070dd00000, 0x000000070dd00000| Untracked 
| 158|0x000000070de00000, 0x000000070de00000, 0x000000070df00000|  0%| F|  |TAMS 0x000000070de00000, 0x000000070de00000| Untracked 
| 159|0x000000070df00000, 0x000000070df00000, 0x000000070e000000|  0%| F|  |TAMS 0x000000070df00000, 0x000000070df00000| Untracked 
| 160|0x000000070e000000, 0x000000070e000000, 0x000000070e100000|  0%| F|  |TAMS 0x000000070e000000, 0x000000070e000000| Untracked 
| 161|0x000000070e100000, 0x000000070e100000, 0x000000070e200000|  0%| F|  |TAMS 0x000000070e100000, 0x000000070e100000| Untracked 
| 162|0x000000070e200000, 0x000000070e200000, 0x000000070e300000|  0%| F|  |TAMS 0x000000070e200000, 0x000000070e200000| Untracked 
| 163|0x000000070e300000, 0x000000070e300000, 0x000000070e400000|  0%| F|  |TAMS 0x000000070e300000, 0x000000070e300000| Untracked 
| 164|0x000000070e400000, 0x000000070e400000, 0x000000070e500000|  0%| F|  |TAMS 0x000000070e400000, 0x000000070e400000| Untracked 
| 165|0x000000070e500000, 0x000000070e500000, 0x000000070e600000|  0%| F|  |TAMS 0x000000070e500000, 0x000000070e500000| Untracked 
| 166|0x000000070e600000, 0x000000070e600000, 0x000000070e700000|  0%| F|  |TAMS 0x000000070e600000, 0x000000070e600000| Untracked 
| 167|0x000000070e700000, 0x000000070e700000, 0x000000070e800000|  0%| F|  |TAMS 0x000000070e700000, 0x000000070e700000| Untracked 
| 168|0x000000070e800000, 0x000000070e800000, 0x000000070e900000|  0%| F|  |TAMS 0x000000070e800000, 0x000000070e800000| Untracked 
| 169|0x000000070e900000, 0x000000070e900000, 0x000000070ea00000|  0%| F|  |TAMS 0x000000070e900000, 0x000000070e900000| Untracked 
| 170|0x000000070ea00000, 0x000000070ea00000, 0x000000070eb00000|  0%| F|  |TAMS 0x000000070ea00000, 0x000000070ea00000| Untracked 
| 171|0x000000070eb00000, 0x000000070eb00000, 0x000000070ec00000|  0%| F|  |TAMS 0x000000070eb00000, 0x000000070eb00000| Untracked 
| 172|0x000000070ec00000, 0x000000070ec00000, 0x000000070ed00000|  0%| F|  |TAMS 0x000000070ec00000, 0x000000070ec00000| Untracked 
| 173|0x000000070ed00000, 0x000000070ed00000, 0x000000070ee00000|  0%| F|  |TAMS 0x000000070ed00000, 0x000000070ed00000| Untracked 
| 174|0x000000070ee00000, 0x000000070ee00000, 0x000000070ef00000|  0%| F|  |TAMS 0x000000070ee00000, 0x000000070ee00000| Untracked 
| 175|0x000000070ef00000, 0x000000070ef00000, 0x000000070f000000|  0%| F|  |TAMS 0x000000070ef00000, 0x000000070ef00000| Untracked 
| 176|0x000000070f000000, 0x000000070f000000, 0x000000070f100000|  0%| F|  |TAMS 0x000000070f000000, 0x000000070f000000| Untracked 
| 177|0x000000070f100000, 0x000000070f100000, 0x000000070f200000|  0%| F|  |TAMS 0x000000070f100000, 0x000000070f100000| Untracked 
| 178|0x000000070f200000, 0x000000070f200000, 0x000000070f300000|  0%| F|  |TAMS 0x000000070f200000, 0x000000070f200000| Untracked 
| 179|0x000000070f300000, 0x000000070f300000, 0x000000070f400000|  0%| F|  |TAMS 0x000000070f300000, 0x000000070f300000| Untracked 
| 180|0x000000070f400000, 0x000000070f400000, 0x000000070f500000|  0%| F|  |TAMS 0x000000070f400000, 0x000000070f400000| Untracked 
| 181|0x000000070f500000, 0x000000070f500000, 0x000000070f600000|  0%| F|  |TAMS 0x000000070f500000, 0x000000070f500000| Untracked 
| 182|0x000000070f600000, 0x000000070f600000, 0x000000070f700000|  0%| F|  |TAMS 0x000000070f600000, 0x000000070f600000| Untracked 
| 183|0x000000070f700000, 0x000000070f700000, 0x000000070f800000|  0%| F|  |TAMS 0x000000070f700000, 0x000000070f700000| Untracked 
| 184|0x000000070f800000, 0x000000070f800000, 0x000000070f900000|  0%| F|  |TAMS 0x000000070f800000, 0x000000070f800000| Untracked 
| 185|0x000000070f900000, 0x000000070f900000, 0x000000070fa00000|  0%| F|  |TAMS 0x000000070f900000, 0x000000070f900000| Untracked 
| 186|0x000000070fa00000, 0x000000070fa00000, 0x000000070fb00000|  0%| F|  |TAMS 0x000000070fa00000, 0x000000070fa00000| Untracked 
| 187|0x000000070fb00000, 0x000000070fb00000, 0x000000070fc00000|  0%| F|  |TAMS 0x000000070fb00000, 0x000000070fb00000| Untracked 
| 188|0x000000070fc00000, 0x000000070fc00000, 0x000000070fd00000|  0%| F|  |TAMS 0x000000070fc00000, 0x000000070fc00000| Untracked 
| 189|0x000000070fd00000, 0x000000070fd00000, 0x000000070fe00000|  0%| F|  |TAMS 0x000000070fd00000, 0x000000070fd00000| Untracked 
| 190|0x000000070fe00000, 0x000000070fe00000, 0x000000070ff00000|  0%| F|  |TAMS 0x000000070fe00000, 0x000000070fe00000| Untracked 
| 191|0x000000070ff00000, 0x000000070ff00000, 0x0000000710000000|  0%| F|  |TAMS 0x000000070ff00000, 0x000000070ff00000| Untracked 
| 192|0x0000000710000000, 0x0000000710000000, 0x0000000710100000|  0%| F|  |TAMS 0x0000000710000000, 0x0000000710000000| Untracked 
| 193|0x0000000710100000, 0x0000000710100000, 0x0000000710200000|  0%| F|  |TAMS 0x0000000710100000, 0x0000000710100000| Untracked 
| 194|0x0000000710200000, 0x0000000710200000, 0x0000000710300000|  0%| F|  |TAMS 0x0000000710200000, 0x0000000710200000| Untracked 
| 195|0x0000000710300000, 0x0000000710300000, 0x0000000710400000|  0%| F|  |TAMS 0x0000000710300000, 0x0000000710300000| Untracked 
| 196|0x0000000710400000, 0x0000000710400000, 0x0000000710500000|  0%| F|  |TAMS 0x0000000710400000, 0x0000000710400000| Untracked 
| 197|0x0000000710500000, 0x0000000710500000, 0x0000000710600000|  0%| F|  |TAMS 0x0000000710500000, 0x0000000710500000| Untracked 
| 198|0x0000000710600000, 0x0000000710600000, 0x0000000710700000|  0%| F|  |TAMS 0x0000000710600000, 0x0000000710600000| Untracked 
| 199|0x0000000710700000, 0x0000000710700000, 0x0000000710800000|  0%| F|  |TAMS 0x0000000710700000, 0x0000000710700000| Untracked 
| 200|0x0000000710800000, 0x0000000710800000, 0x0000000710900000|  0%| F|  |TAMS 0x0000000710800000, 0x0000000710800000| Untracked 
| 201|0x0000000710900000, 0x0000000710900000, 0x0000000710a00000|  0%| F|  |TAMS 0x0000000710900000, 0x0000000710900000| Untracked 
| 202|0x0000000710a00000, 0x0000000710a00000, 0x0000000710b00000|  0%| F|  |TAMS 0x0000000710a00000, 0x0000000710a00000| Untracked 
| 203|0x0000000710b00000, 0x0000000710b00000, 0x0000000710c00000|  0%| F|  |TAMS 0x0000000710b00000, 0x0000000710b00000| Untracked 
| 204|0x0000000710c00000, 0x0000000710c00000, 0x0000000710d00000|  0%| F|  |TAMS 0x0000000710c00000, 0x0000000710c00000| Untracked 
| 205|0x0000000710d00000, 0x0000000710d00000, 0x0000000710e00000|  0%| F|  |TAMS 0x0000000710d00000, 0x0000000710d00000| Untracked 
| 206|0x0000000710e00000, 0x0000000710e00000, 0x0000000710f00000|  0%| F|  |TAMS 0x0000000710e00000, 0x0000000710e00000| Untracked 
| 207|0x0000000710f00000, 0x0000000710f00000, 0x0000000711000000|  0%| F|  |TAMS 0x0000000710f00000, 0x0000000710f00000| Untracked 
| 208|0x0000000711000000, 0x0000000711000000, 0x0000000711100000|  0%| F|  |TAMS 0x0000000711000000, 0x0000000711000000| Untracked 
| 209|0x0000000711100000, 0x0000000711100000, 0x0000000711200000|  0%| F|  |TAMS 0x0000000711100000, 0x0000000711100000| Untracked 
| 210|0x0000000711200000, 0x0000000711200000, 0x0000000711300000|  0%| F|  |TAMS 0x0000000711200000, 0x0000000711200000| Untracked 
| 211|0x0000000711300000, 0x0000000711300000, 0x0000000711400000|  0%| F|  |TAMS 0x0000000711300000, 0x0000000711300000| Untracked 
| 212|0x0000000711400000, 0x0000000711400000, 0x0000000711500000|  0%| F|  |TAMS 0x0000000711400000, 0x0000000711400000| Untracked 
| 213|0x0000000711500000, 0x0000000711500000, 0x0000000711600000|  0%| F|  |TAMS 0x0000000711500000, 0x0000000711500000| Untracked 
| 214|0x0000000711600000, 0x0000000711600000, 0x0000000711700000|  0%| F|  |TAMS 0x0000000711600000, 0x0000000711600000| Untracked 
| 215|0x0000000711700000, 0x0000000711700000, 0x0000000711800000|  0%| F|  |TAMS 0x0000000711700000, 0x0000000711700000| Untracked 
| 216|0x0000000711800000, 0x0000000711800000, 0x0000000711900000|  0%| F|  |TAMS 0x0000000711800000, 0x0000000711800000| Untracked 
| 217|0x0000000711900000, 0x0000000711900000, 0x0000000711a00000|  0%| F|  |TAMS 0x0000000711900000, 0x0000000711900000| Untracked 
| 218|0x0000000711a00000, 0x0000000711a00000, 0x0000000711b00000|  0%| F|  |TAMS 0x0000000711a00000, 0x0000000711a00000| Untracked 
| 219|0x0000000711b00000, 0x0000000711b80800, 0x0000000711c00000| 50%| E|  |TAMS 0x0000000711b00000, 0x0000000711b00000| Complete 
| 220|0x0000000711c00000, 0x0000000711d00000, 0x0000000711d00000|100%| E|CS|TAMS 0x0000000711c00000, 0x0000000711c00000| Complete 
| 221|0x0000000711d00000, 0x0000000711e00000, 0x0000000711e00000|100%| E|CS|TAMS 0x0000000711d00000, 0x0000000711d00000| Complete 
| 222|0x0000000711e00000, 0x0000000711f00000, 0x0000000711f00000|100%| E|CS|TAMS 0x0000000711e00000, 0x0000000711e00000| Complete 
| 223|0x0000000711f00000, 0x0000000712000000, 0x0000000712000000|100%| E|CS|TAMS 0x0000000711f00000, 0x0000000711f00000| Complete 
| 224|0x0000000712000000, 0x0000000712100000, 0x0000000712100000|100%| E|CS|TAMS 0x0000000712000000, 0x0000000712000000| Complete 
| 225|0x0000000712100000, 0x0000000712200000, 0x0000000712200000|100%| E|CS|TAMS 0x0000000712100000, 0x0000000712100000| Complete 
| 226|0x0000000712200000, 0x0000000712300000, 0x0000000712300000|100%| E|CS|TAMS 0x0000000712200000, 0x0000000712200000| Complete 
| 227|0x0000000712300000, 0x0000000712400000, 0x0000000712400000|100%| E|CS|TAMS 0x0000000712300000, 0x0000000712300000| Complete 
| 228|0x0000000712400000, 0x0000000712500000, 0x0000000712500000|100%| E|CS|TAMS 0x0000000712400000, 0x0000000712400000| Complete 
| 229|0x0000000712500000, 0x0000000712600000, 0x0000000712600000|100%| E|CS|TAMS 0x0000000712500000, 0x0000000712500000| Complete 
| 230|0x0000000712600000, 0x0000000712700000, 0x0000000712700000|100%| E|CS|TAMS 0x0000000712600000, 0x0000000712600000| Complete 
| 231|0x0000000712700000, 0x0000000712800000, 0x0000000712800000|100%| E|CS|TAMS 0x0000000712700000, 0x0000000712700000| Complete 
| 232|0x0000000712800000, 0x0000000712900000, 0x0000000712900000|100%| E|CS|TAMS 0x0000000712800000, 0x0000000712800000| Complete 
| 233|0x0000000712900000, 0x0000000712a00000, 0x0000000712a00000|100%| E|CS|TAMS 0x0000000712900000, 0x0000000712900000| Complete 
| 234|0x0000000712a00000, 0x0000000712b00000, 0x0000000712b00000|100%| E|CS|TAMS 0x0000000712a00000, 0x0000000712a00000| Complete 
| 235|0x0000000712b00000, 0x0000000712c00000, 0x0000000712c00000|100%| E|CS|TAMS 0x0000000712b00000, 0x0000000712b00000| Complete 
| 236|0x0000000712c00000, 0x0000000712d00000, 0x0000000712d00000|100%| E|CS|TAMS 0x0000000712c00000, 0x0000000712c00000| Complete 
| 237|0x0000000712d00000, 0x0000000712e00000, 0x0000000712e00000|100%| E|CS|TAMS 0x0000000712d00000, 0x0000000712d00000| Complete 
| 238|0x0000000712e00000, 0x0000000712f00000, 0x0000000712f00000|100%| E|CS|TAMS 0x0000000712e00000, 0x0000000712e00000| Complete 
| 239|0x0000000712f00000, 0x0000000713000000, 0x0000000713000000|100%| E|CS|TAMS 0x0000000712f00000, 0x0000000712f00000| Complete 
| 240|0x0000000713000000, 0x0000000713100000, 0x0000000713100000|100%| E|CS|TAMS 0x0000000713000000, 0x0000000713000000| Complete 
| 241|0x0000000713100000, 0x0000000713200000, 0x0000000713200000|100%| E|CS|TAMS 0x0000000713100000, 0x0000000713100000| Complete 
| 242|0x0000000713200000, 0x0000000713300000, 0x0000000713300000|100%| E|CS|TAMS 0x0000000713200000, 0x0000000713200000| Complete 
| 243|0x0000000713300000, 0x0000000713400000, 0x0000000713400000|100%| E|CS|TAMS 0x0000000713300000, 0x0000000713300000| Complete 
| 244|0x0000000713400000, 0x0000000713500000, 0x0000000713500000|100%| E|CS|TAMS 0x0000000713400000, 0x0000000713400000| Complete 
| 245|0x0000000713500000, 0x0000000713600000, 0x0000000713600000|100%| E|CS|TAMS 0x0000000713500000, 0x0000000713500000| Complete 
| 246|0x0000000713600000, 0x0000000713700000, 0x0000000713700000|100%| E|CS|TAMS 0x0000000713600000, 0x0000000713600000| Complete 
| 247|0x0000000713700000, 0x0000000713800000, 0x0000000713800000|100%| E|CS|TAMS 0x0000000713700000, 0x0000000713700000| Complete 
| 248|0x0000000713800000, 0x0000000713900000, 0x0000000713900000|100%| E|CS|TAMS 0x0000000713800000, 0x0000000713800000| Complete 
| 249|0x0000000713900000, 0x0000000713a00000, 0x0000000713a00000|100%| E|CS|TAMS 0x0000000713900000, 0x0000000713900000| Complete 
| 250|0x0000000713a00000, 0x0000000713b00000, 0x0000000713b00000|100%| E|CS|TAMS 0x0000000713a00000, 0x0000000713a00000| Complete 
| 251|0x0000000713b00000, 0x0000000713c00000, 0x0000000713c00000|100%| E|CS|TAMS 0x0000000713b00000, 0x0000000713b00000| Complete 

Card table byte_map: [0x00000277c9c20000,0x00000277ca400000] _byte_map_base: 0x00000277c6400000

Marking Bits (Prev, Next): (CMBitMap*) 0x00000277b04ce038, (CMBitMap*) 0x00000277b04ce070
 Prev Bits: [0x00000277cabe0000, 0x00000277ceae0000)
 Next Bits: [0x00000277ceae0000, 0x00000277d29e0000)

Polling page: 0x00000277af540000

Metaspace:

Usage:
  Non-class:     44.89 MB capacity,    44.01 MB ( 98%) used,   722.83 KB (  2%) free+waste,   180.38 KB ( <1%) overhead. 
      Class:      6.62 MB capacity,     6.05 MB ( 91%) used,   495.95 KB (  7%) free+waste,    86.69 KB (  1%) overhead. 
       Both:     51.51 MB capacity,    50.06 MB ( 97%) used,     1.19 MB (  2%) free+waste,   267.06 KB ( <1%) overhead. 

Virtual space:
  Non-class space:       46.00 MB reserved,      44.99 MB ( 98%) committed 
      Class space:        1.00 GB reserved,       6.62 MB ( <1%) committed 
             Both:        1.04 GB reserved,      51.62 MB (  5%) committed 

Chunk freelists:
   Non-Class:  39.00 KB
       Class:  10.00 KB
        Both:  49.00 KB

MaxMetaspaceSize: 17179869184.00 GB
CompressedClassSpaceSize: 1.00 GB
Initial GC threshold: 20.80 MB
Current GC threshold: 58.53 MB
CDS: off

CodeHeap 'non-profiled nmethods': size=120000Kb used=2457Kb max_used=2457Kb free=117542Kb
 bounds [0x00000277c19c0000, 0x00000277c1c30000, 0x00000277c8ef0000]
CodeHeap 'profiled nmethods': size=120000Kb used=12380Kb max_used=12380Kb free=107619Kb
 bounds [0x00000277ba490000, 0x00000277bb0b0000, 0x00000277c19c0000]
CodeHeap 'non-nmethods': size=5760Kb used=1316Kb max_used=1340Kb free=4443Kb
 bounds [0x00000277b9ef0000, 0x00000277ba160000, 0x00000277ba490000]
 total_blobs=6387 nmethods=5791 adapters=508
 compilation: enabled
              stopped_count=0, restarted_count=0
 full_count=0

Compilation events (20 events):
Event: 32.231 Thread 0x00000277d5d48000 nmethod 5839 0x00000277bb0a4510 code [0x00000277bb0a4700, 0x00000277bb0a4b88]
Event: 32.231 Thread 0x00000277d5d48000 5840       3       java.util.ArrayList::indexOf (11 bytes)
Event: 32.232 Thread 0x00000277d5d48000 nmethod 5840 0x00000277bb0a4d90 code [0x00000277bb0a4f40, 0x00000277bb0a5108]
Event: 32.236 Thread 0x00000277d5d42800 5841       4       java.util.Arrays::equals (57 bytes)
Event: 32.246 Thread 0x00000277d5d42800 nmethod 5841 0x00000277c1c23290 code [0x00000277c1c23420, 0x00000277c1c23598]
Event: 32.246 Thread 0x00000277d5d42800 5842       4       java.lang.reflect.Method::<init> (68 bytes)
Event: 32.261 Thread 0x00000277d5d42800 nmethod 5842 0x00000277c1c23710 code [0x00000277c1c238a0, 0x00000277c1c24078]
Event: 32.261 Thread 0x00000277d5d42800 5843       4       java.lang.reflect.Method::copy (84 bytes)
Event: 32.269 Thread 0x00000277d5d42800 nmethod 5843 0x00000277c1c24110 code [0x00000277c1c242c0, 0x00000277c1c24598]
Event: 32.269 Thread 0x00000277d5d42800 5844       4       java.util.stream.ReferencePipeline$2$1::accept (27 bytes)
Event: 32.269 Thread 0x00000277d5d48000 5845       3       java.util.stream.Collectors::toList (26 bytes)
Event: 32.270 Thread 0x00000277d5d48000 nmethod 5845 0x00000277bb0a5190 code [0x00000277bb0a53c0, 0x00000277bb0a5b48]
Event: 32.271 Thread 0x00000277d5d48000 5846       3       java.lang.invoke.MethodHandles$Lookup::restrictReceiver (126 bytes)
Event: 32.272 Thread 0x00000277d5d42800 nmethod 5844 0x00000277c1c24690 code [0x00000277c1c24820, 0x00000277c1c248f8]
Event: 32.273 Thread 0x00000277d5d48000 nmethod 5846 0x00000277bb0a5e10 code [0x00000277bb0a6020, 0x00000277bb0a6528]
Event: 32.286 Thread 0x00000277d5d48000 5847       3       net.thucydides.core.reflection.StackTraceAnalyser::forStackTraceElement (9 bytes)
Event: 32.287 Thread 0x00000277d5d48000 nmethod 5847 0x00000277bb0a6790 code [0x00000277bb0a6960, 0x00000277bb0a6c68]
Event: 32.287 Thread 0x00000277d5d48000 5848       3       net.thucydides.core.reflection.StackTraceAnalyser::<init> (19 bytes)
Event: 32.288 Thread 0x00000277d5d48000 nmethod 5848 0x00000277bb0a6d90 code [0x00000277bb0a6f60, 0x00000277bb0a71c8]
Event: 32.455 Thread 0x00000277d5d48000 5850       3       java.lang.reflect.ProxyGenerator$ProxyMethod::generateMethod (733 bytes)

GC Heap History (12 events):
Event: 1.719 GC heap before
{Heap before GC invocations=0 (full 0):
 garbage-first heap   total 258048K, used 25600K [0x0000000704000000, 0x0000000800000000)
  region size 1024K, 24 young (24576K), 0 survivors (0K)
 Metaspace       used 9391K, capacity 9522K, committed 9600K, reserved 1058816K
  class space    used 826K, capacity 873K, committed 896K, reserved 1048576K
}
Event: 1.726 GC heap after
{Heap after GC invocations=1 (full 0):
 garbage-first heap   total 258048K, used 15709K [0x0000000704000000, 0x0000000800000000)
  region size 1024K, 3 young (3072K), 3 survivors (3072K)
 Metaspace       used 9391K, capacity 9522K, committed 9600K, reserved 1058816K
  class space    used 826K, capacity 873K, committed 896K, reserved 1048576K
}
Event: 2.612 GC heap before
{Heap before GC invocations=1 (full 0):
 garbage-first heap   total 258048K, used 25949K [0x0000000704000000, 0x0000000800000000)
  region size 1024K, 13 young (13312K), 3 survivors (3072K)
 Metaspace       used 10972K, capacity 11125K, committed 11392K, reserved 1058816K
  class space    used 1012K, capacity 1070K, committed 1152K, reserved 1048576K
}
Event: 2.615 GC heap after
{Heap after GC invocations=2 (full 0):
 garbage-first heap   total 258048K, used 15702K [0x0000000704000000, 0x0000000800000000)
  region size 1024K, 1 young (1024K), 1 survivors (1024K)
 Metaspace       used 10972K, capacity 11125K, committed 11392K, reserved 1058816K
  class space    used 1012K, capacity 1070K, committed 1152K, reserved 1048576K
}
Event: 3.132 GC heap before
{Heap before GC invocations=2 (full 0):
 garbage-first heap   total 258048K, used 50518K [0x0000000704000000, 0x0000000800000000)
  region size 1024K, 35 young (35840K), 1 survivors (1024K)
 Metaspace       used 14644K, capacity 14871K, committed 15104K, reserved 1062912K
  class space    used 1611K, capacity 1694K, committed 1792K, reserved 1048576K
}
Event: 3.134 GC heap after
{Heap after GC invocations=3 (full 0):
 garbage-first heap   total 258048K, used 16817K [0x0000000704000000, 0x0000000800000000)
  region size 1024K, 2 young (2048K), 2 survivors (2048K)
 Metaspace       used 14644K, capacity 14871K, committed 15104K, reserved 1062912K
  class space    used 1611K, capacity 1694K, committed 1792K, reserved 1048576K
}
Event: 3.918 GC heap before
{Heap before GC invocations=3 (full 0):
 garbage-first heap   total 258048K, used 83377K [0x0000000704000000, 0x0000000800000000)
  region size 1024K, 68 young (69632K), 2 survivors (2048K)
 Metaspace       used 20435K, capacity 21015K, committed 21248K, reserved 1069056K
  class space    used 2350K, capacity 2559K, committed 2560K, reserved 1048576K
}
Event: 3.922 GC heap after
{Heap after GC invocations=4 (full 0):
 garbage-first heap   total 258048K, used 17971K [0x0000000704000000, 0x0000000800000000)
  region size 1024K, 3 young (3072K), 3 survivors (3072K)
 Metaspace       used 20435K, capacity 21015K, committed 21248K, reserved 1069056K
  class space    used 2350K, capacity 2559K, committed 2560K, reserved 1048576K
}
Event: 9.407 GC heap before
{Heap before GC invocations=5 (full 0):
 garbage-first heap   total 258048K, used 139827K [0x0000000704000000, 0x0000000800000000)
  region size 1024K, 123 young (125952K), 3 survivors (3072K)
 Metaspace       used 34360K, capacity 35418K, committed 35584K, reserved 1081344K
  class space    used 4172K, capacity 4580K, committed 4608K, reserved 1048576K
}
Event: 9.418 GC heap after
{Heap after GC invocations=6 (full 0):
 garbage-first heap   total 258048K, used 22929K [0x0000000704000000, 0x0000000800000000)
  region size 1024K, 8 young (8192K), 8 survivors (8192K)
 Metaspace       used 34360K, capacity 35418K, committed 35584K, reserved 1081344K
  class space    used 4172K, capacity 4580K, committed 4608K, reserved 1048576K
}
Event: 29.453 GC heap before
{Heap before GC invocations=7 (full 0):
 garbage-first heap   total 258048K, used 186769K [0x0000000704000000, 0x0000000800000000)
  region size 1024K, 147 young (150528K), 8 survivors (8192K)
 Metaspace       used 49167K, capacity 50580K, committed 50808K, reserved 1093632K
  class space    used 5901K, capacity 6441K, committed 6528K, reserved 1048576K
}
Event: 29.549 GC heap after
{Heap after GC invocations=8 (full 0):
 garbage-first heap   total 258048K, used 48549K [0x0000000704000000, 0x0000000800000000)
  region size 1024K, 13 young (13312K), 13 survivors (13312K)
 Metaspace       used 49167K, capacity 50580K, committed 50808K, reserved 1093632K
  class space    used 5901K, capacity 6441K, committed 6528K, reserved 1048576K
}

Deoptimization events (20 events):
Event: 30.344 Thread 0x00000277d80fa800 Uncommon trap: trap_request=0xffffffde fr.pc=0x00000277c1b1e804 relative=0x0000000000000424
Event: 30.344 Thread 0x00000277d80fa800 Uncommon trap: reason=class_check action=maybe_recompile pc=0x00000277c1b1e804 method=com.typesafe.config.impl.Tokenizer$TokenIterator.nextCharRaw()I @ 14 c2
Event: 30.344 Thread 0x00000277d80fa800 DEOPT PACKING pc=0x00000277c1b1e804 sp=0x000000be938fa7c0
Event: 30.344 Thread 0x00000277d80fa800 DEOPT UNPACKING pc=0x00000277b9ef85af sp=0x000000be938fa7a0 mode 2
Event: 30.344 Thread 0x00000277d80fa800 Uncommon trap: trap_request=0xffffffde fr.pc=0x00000277c1b1e804 relative=0x0000000000000424
Event: 30.344 Thread 0x00000277d80fa800 Uncommon trap: reason=class_check action=maybe_recompile pc=0x00000277c1b1e804 method=com.typesafe.config.impl.Tokenizer$TokenIterator.nextCharRaw()I @ 14 c2
Event: 30.344 Thread 0x00000277d80fa800 DEOPT PACKING pc=0x00000277c1b1e804 sp=0x000000be938fa7c0
Event: 30.344 Thread 0x00000277d80fa800 DEOPT UNPACKING pc=0x00000277b9ef85af sp=0x000000be938fa7a0 mode 2
Event: 30.344 Thread 0x00000277d80fa800 Uncommon trap: trap_request=0xffffffde fr.pc=0x00000277c1b1e804 relative=0x0000000000000424
Event: 30.344 Thread 0x00000277d80fa800 Uncommon trap: reason=class_check action=maybe_recompile pc=0x00000277c1b1e804 method=com.typesafe.config.impl.Tokenizer$TokenIterator.nextCharRaw()I @ 14 c2
Event: 30.344 Thread 0x00000277d80fa800 DEOPT PACKING pc=0x00000277c1b1e804 sp=0x000000be938fa7c0
Event: 30.344 Thread 0x00000277d80fa800 DEOPT UNPACKING pc=0x00000277b9ef85af sp=0x000000be938fa7a0 mode 2
Event: 32.182 Thread 0x00000277d80fa800 Uncommon trap: trap_request=0xffffff4d fr.pc=0x00000277c1b6c158 relative=0x0000000000000618
Event: 32.182 Thread 0x00000277d80fa800 Uncommon trap: reason=unstable_if action=reinterpret pc=0x00000277c1b6c158 method=java.lang.Integer.stringSize(I)I @ 3 c2
Event: 32.182 Thread 0x00000277d80fa800 DEOPT PACKING pc=0x00000277c1b6c158 sp=0x000000be938face0
Event: 32.182 Thread 0x00000277d80fa800 DEOPT UNPACKING pc=0x00000277b9ef85af sp=0x000000be938fabe8 mode 2
Event: 32.182 Thread 0x00000277d80fa800 Uncommon trap: trap_request=0xffffff4d fr.pc=0x00000277c1aef738 relative=0x0000000000000178
Event: 32.182 Thread 0x00000277d80fa800 Uncommon trap: reason=unstable_if action=reinterpret pc=0x00000277c1aef738 method=java.lang.Integer.getChars(II[B)I @ 4 c2
Event: 32.184 Thread 0x00000277d80fa800 DEOPT PACKING pc=0x00000277c1aef738 sp=0x000000be938fac40
Event: 32.184 Thread 0x00000277d80fa800 DEOPT UNPACKING pc=0x00000277b9ef85af sp=0x000000be938fabd0 mode 2

Classes redefined (1 events):
Event: 3.256 Thread 0x00000277d5caf000 redefined class name=org.junit.jupiter.api.Assertions, count=1

Internal exceptions (20 events):
Event: 10.600 Thread 0x00000277d89df000 Exception <a 'java/net/ConnectException'{0x0000000712460bf8}: Connection refused: connect> (0x0000000712460bf8) thrown at [s\src\hotspot\share\prims\jni.cpp, line 638]
Event: 10.601 Thread 0x00000277d89df000 Exception <a 'java/net/ConnectException'{0x00000007124613f8}: Connection refused: connect> (0x00000007124613f8) thrown at [s\src\hotspot\share\prims\jni.cpp, line 638]
Event: 10.603 Thread 0x00000277d89df000 Exception <a 'java/net/ConnectException'{0x0000000712461bf8}: Connection refused: connect> (0x0000000712461bf8) thrown at [s\src\hotspot\share\prims\jni.cpp, line 638]
Event: 10.604 Thread 0x00000277d89df000 Exception <a 'java/net/ConnectException'{0x00000007124623f8}: Connection refused: connect> (0x00000007124623f8) thrown at [s\src\hotspot\share\prims\jni.cpp, line 638]
Event: 10.605 Thread 0x00000277d89df000 Exception <a 'java/net/ConnectException'{0x0000000712462bf8}: Connection refused: connect> (0x0000000712462bf8) thrown at [s\src\hotspot\share\prims\jni.cpp, line 638]
Event: 10.606 Thread 0x00000277d89df000 Exception <a 'java/net/ConnectException'{0x00000007124633f8}: Connection refused: connect> (0x00000007124633f8) thrown at [s\src\hotspot\share\prims\jni.cpp, line 638]
Event: 10.607 Thread 0x00000277d89df000 Exception <a 'java/net/ConnectException'{0x0000000712463bf8}: Connection refused: connect> (0x0000000712463bf8) thrown at [s\src\hotspot\share\prims\jni.cpp, line 638]
Event: 10.630 Thread 0x00000277d89df000 Exception <a 'java/net/ConnectException'{0x00000007124643f8}: Connection refused: connect> (0x00000007124643f8) thrown at [s\src\hotspot\share\prims\jni.cpp, line 638]
Event: 10.632 Thread 0x00000277d89df000 Exception <a 'java/net/ConnectException'{0x0000000712464bf8}: Connection refused: connect> (0x0000000712464bf8) thrown at [s\src\hotspot\share\prims\jni.cpp, line 638]
Event: 10.633 Thread 0x00000277d89df000 Exception <a 'java/net/ConnectException'{0x00000007124653f8}: Connection refused: connect> (0x00000007124653f8) thrown at [s\src\hotspot\share\prims\jni.cpp, line 638]
Event: 10.634 Thread 0x00000277d89df000 Exception <a 'java/net/ConnectException'{0x0000000712465bf8}: Connection refused: connect> (0x0000000712465bf8) thrown at [s\src\hotspot\share\prims\jni.cpp, line 638]
Event: 10.635 Thread 0x00000277d89df000 Exception <a 'java/net/ConnectException'{0x00000007124663f8}: Connection refused: connect> (0x00000007124663f8) thrown at [s\src\hotspot\share\prims\jni.cpp, line 638]
Event: 10.637 Thread 0x00000277d89df000 Exception <a 'java/net/ConnectException'{0x0000000712466bf8}: Connection refused: connect> (0x0000000712466bf8) thrown at [s\src\hotspot\share\prims\jni.cpp, line 638]
Event: 10.661 Thread 0x00000277d89df000 Exception <a 'java/net/ConnectException'{0x00000007124673f8}: Connection refused: connect> (0x00000007124673f8) thrown at [s\src\hotspot\share\prims\jni.cpp, line 638]
Event: 24.378 Thread 0x00000277d9433000 Exception <a 'java/lang/NoSuchMethodError'{0x0000000711605a48}: 'java.lang.Object java.lang.invoke.DirectMethodHandle$Holder.invokeSpecialIFC(java.lang.Object, java.lang.Object, java.lang.Object)'> (0x0000000711605a48) thrown at [s\src\hotspot\share\interpreter\linkResolver.cpp, line 773]
Event: 24.684 Thread 0x00000277d80fa800 Exception <a 'java/lang/IncompatibleClassChangeError'{0x000000071142a8d0}: Found class java.lang.Object, but interface was expected> (0x000000071142a8d0) thrown at [s\src\hotspot\share\interpreter\linkResolver.cpp, line 839]
Event: 29.901 Thread 0x00000277d80fa800 Exception <a 'java/lang/NoSuchMethodError'{0x0000000713353480}: 'int java.lang.invoke.DirectMethodHandle$Holder.invokeStaticInit(java.lang.Object, java.lang.Object, java.lang.Object)'> (0x0000000713353480) thrown at [s\src\hotspot\share\interpreter\linkResolver.cpp, line 773]
Event: 29.973 Thread 0x00000277d80fa800 Exception <a 'java/lang/NoSuchMethodError'{0x00000007131d4f30}: 'int java.lang.invoke.DirectMethodHandle$Holder.invokeVirtual(java.lang.Object, java.lang.Object, java.lang.Object)'> (0x00000007131d4f30) thrown at [s\src\hotspot\share\interpreter\linkResolver.cpp, line 773]
Event: 30.325 Thread 0x00000277d80fa800 Exception <a 'java/lang/NoSuchMethodError'{0x0000000712ad02f8}: 'int java.lang.invoke.DirectMethodHandle$Holder.invokeSpecial(java.lang.Object, java.lang.Object, java.lang.Object, java.lang.Object)'> (0x0000000712ad02f8) thrown at [s\src\hotspot\share\interpreter\linkResolver.cpp, line 773]
Event: 32.214 Thread 0x00000277d80fa800 Exception <a 'java/lang/reflect/InvocationTargetException'{0x000000071283ce60}> (0x000000071283ce60) thrown at [s\src\hotspot\share\runtime\reflection.cpp, line 1247]

Events (20 events):
Event: 32.435 loading class io/appium/java_client/remote/options/SupportsNoResetOption
Event: 32.435 loading class io/appium/java_client/remote/options/SupportsNoResetOption done
Event: 32.436 loading class io/appium/java_client/remote/options/SupportsFullResetOption
Event: 32.436 loading class io/appium/java_client/remote/options/SupportsFullResetOption done
Event: 32.438 loading class io/appium/java_client/remote/options/SupportsNewCommandTimeoutOption
Event: 32.438 loading class io/appium/java_client/remote/options/SupportsNewCommandTimeoutOption done
Event: 32.440 loading class io/appium/java_client/remote/options/SupportsBrowserNameOption
Event: 32.440 loading class io/appium/java_client/remote/options/SupportsBrowserNameOption done
Event: 32.445 loading class io/appium/java_client/remote/options/SupportsPlatformVersionOption
Event: 32.445 loading class io/appium/java_client/remote/options/SupportsPlatformVersionOption done
Event: 32.451 loading class org/openqa/selenium/remote/RemoteWebDriver$RemoteTargetLocator
Event: 32.451 loading class org/openqa/selenium/remote/RemoteWebDriver$RemoteTargetLocator done
Event: 32.453 loading class com/epam/healenium/handlers/proxy/TargetLocatorProxyInvocationHandler
Event: 32.453 loading class com/epam/healenium/handlers/proxy/TargetLocatorProxyInvocationHandler done
Event: 32.454 loading class org/openqa/selenium/WindowType
Event: 32.454 loading class org/openqa/selenium/WindowType done
Event: 32.460 loading class org/openqa/selenium/support/ui/ExpectedConditions
Event: 32.460 loading class org/openqa/selenium/support/ui/ExpectedConditions done
Event: 32.465 loading class org/openqa/selenium/support/ui/ExpectedConditions$28
Event: 32.465 loading class org/openqa/selenium/support/ui/ExpectedConditions$28 done


Dynamic libraries:
0x00007ff76b360000 - 0x00007ff76b36e000 	C:\Program Files\OpenLogic\jdk-11.0.19.7-hotspot\bin\java.exe
0x00007ffd09eb0000 - 0x00007ffd0a0a8000 	C:\Windows\SYSTEM32\ntdll.dll
0x00007ffd09a10000 - 0x00007ffd09acf000 	C:\Windows\System32\KERNEL32.DLL
0x00007ffd07a60000 - 0x00007ffd07d56000 	C:\Windows\System32\KERNELBASE.dll
0x00007ffd07960000 - 0x00007ffd07a60000 	C:\Windows\System32\ucrtbase.dll
0x00007ffce8ca0000 - 0x00007ffce8cbb000 	C:\Program Files\OpenLogic\jdk-11.0.19.7-hotspot\bin\VCRUNTIME140.dll
0x00007ffce45b0000 - 0x00007ffce45c7000 	C:\Program Files\OpenLogic\jdk-11.0.19.7-hotspot\bin\jli.dll
0x00007ffd08ae0000 - 0x00007ffd08c7d000 	C:\Windows\System32\USER32.dll
0x00007ffd07930000 - 0x00007ffd07952000 	C:\Windows\System32\win32u.dll
0x00007ffd09c00000 - 0x00007ffd09c2c000 	C:\Windows\System32\GDI32.dll
0x00007ffd07df0000 - 0x00007ffd07f05000 	C:\Windows\System32\gdi32full.dll
0x00007ffd07640000 - 0x00007ffd076dd000 	C:\Windows\System32\msvcp_win.dll
0x00007ffd05870000 - 0x00007ffd05b0a000 	C:\Windows\WinSxS\amd64_microsoft.windows.common-controls_6595b64144ccf1df_6.0.19041.1110_none_60b5254171f9507e\COMCTL32.dll
0x00007ffd09dd0000 - 0x00007ffd09e6e000 	C:\Windows\System32\msvcrt.dll
0x00007ffd09470000 - 0x00007ffd094a0000 	C:\Windows\System32\IMM32.DLL
0x00007ffcf7ac0000 - 0x00007ffcf7c51000 	C:\Windows\system32\tmumh\20019\AddOn\8.55.0.1257\TmUmEvt64.dll
0x00007ffd092f0000 - 0x00007ffd092f8000 	C:\Windows\System32\PSAPI.DLL
0x00007ffd09170000 - 0x00007ffd0921f000 	C:\Windows\System32\ADVAPI32.dll
0x00007ffd094a0000 - 0x00007ffd0953c000 	C:\Windows\System32\sechost.dll
0x00007ffd08c80000 - 0x00007ffd08da6000 	C:\Windows\System32\RPCRT4.dll
0x000000006c210000 - 0x000000006c383000 	C:\Windows\system32\tmumh\20019\TmMon\2.9.0.1048\tmmon64.dll
0x00007ffcdec30000 - 0x00007ffcdef6f000 	C:\Windows\System32\TmLWE\TmUmSnsr64\1.0.0.1121\TmUmSnsr64.dll
0x00007ffd061c0000 - 0x00007ffd061d2000 	C:\Windows\SYSTEM32\kernel.appcore.dll
0x00007ffce8e90000 - 0x00007ffce8e9c000 	C:\Program Files\OpenLogic\jdk-11.0.19.7-hotspot\bin\vcruntime140_1.dll
0x00007ffce1ae0000 - 0x00007ffce1b6d000 	C:\Program Files\OpenLogic\jdk-11.0.19.7-hotspot\bin\msvcp140.dll
0x00007ffc88b50000 - 0x00007ffc8969d000 	C:\Program Files\OpenLogic\jdk-11.0.19.7-hotspot\bin\server\jvm.dll
0x00007ffce1ad0000 - 0x00007ffce1ad9000 	C:\Windows\SYSTEM32\WSOCK32.dll
0x00007ffd09d60000 - 0x00007ffd09dcb000 	C:\Windows\System32\WS2_32.dll
0x00007ffcefb50000 - 0x00007ffcefb77000 	C:\Windows\SYSTEM32\WINMM.dll
0x00007ffd06200000 - 0x00007ffd0620a000 	C:\Windows\SYSTEM32\VERSION.dll
0x00007ffce8e60000 - 0x00007ffce8e70000 	C:\Program Files\OpenLogic\jdk-11.0.19.7-hotspot\bin\verify.dll
0x00007ffd04670000 - 0x00007ffd04854000 	C:\Windows\SYSTEM32\DBGHELP.DLL
0x00007ffcebd90000 - 0x00007ffcebdc4000 	C:\Windows\SYSTEM32\dbgcore.DLL
0x00007ffd07d60000 - 0x00007ffd07de2000 	C:\Windows\System32\bcryptPrimitives.dll
0x00007ffce43a0000 - 0x00007ffce43c8000 	C:\Program Files\OpenLogic\jdk-11.0.19.7-hotspot\bin\java.dll
0x00007ffce8c90000 - 0x00007ffce8c9a000 	C:\Program Files\OpenLogic\jdk-11.0.19.7-hotspot\bin\jimage.dll
0x00007ffce1bd0000 - 0x00007ffce1bde000 	C:\Program Files\OpenLogic\jdk-11.0.19.7-hotspot\bin\instrument.dll
0x00007ffce4470000 - 0x00007ffce4488000 	C:\Program Files\OpenLogic\jdk-11.0.19.7-hotspot\bin\zip.dll
0x00007ffd07f10000 - 0x00007ffd08654000 	C:\Windows\System32\SHELL32.dll
0x00007ffd04990000 - 0x00007ffd05123000 	C:\Windows\SYSTEM32\windows.storage.dll
0x00007ffd08db0000 - 0x00007ffd09104000 	C:\Windows\System32\combase.dll
0x00007ffd06ef0000 - 0x00007ffd06f1e000 	C:\Windows\SYSTEM32\Wldp.dll
0x00007ffd08790000 - 0x00007ffd0883d000 	C:\Windows\System32\SHCORE.dll
0x00007ffd09ce0000 - 0x00007ffd09d35000 	C:\Windows\System32\shlwapi.dll
0x00007ffd074c0000 - 0x00007ffd074e5000 	C:\Windows\SYSTEM32\profapi.dll
0x00007ffce4100000 - 0x00007ffce4119000 	C:\Program Files\OpenLogic\jdk-11.0.19.7-hotspot\bin\net.dll
0x00007ffd06510000 - 0x00007ffd0661a000 	C:\Windows\SYSTEM32\WINHTTP.dll
0x00007ffd06cd0000 - 0x00007ffd06d3a000 	C:\Windows\system32\mswsock.dll
0x00007ffce40e0000 - 0x00007ffce40f2000 	C:\Program Files\OpenLogic\jdk-11.0.19.7-hotspot\bin\nio.dll
0x00007ffcdd5b0000 - 0x00007ffcdd5ca000 	C:\Program Files\JetBrains\IntelliJ IDEA Community Edition 2023.1\bin\breakgen64.dll
0x00007ffd069d0000 - 0x00007ffd06a9a000 	C:\Windows\SYSTEM32\DNSAPI.dll
0x00007ffd06990000 - 0x00007ffd069cb000 	C:\Windows\SYSTEM32\IPHLPAPI.DLL
0x00007ffd09ad0000 - 0x00007ffd09ad8000 	C:\Windows\System32\NSI.dll
0x00007ffcfe1e0000 - 0x00007ffcfe1ea000 	C:\Windows\System32\rasadhlp.dll
0x00007ffd016f0000 - 0x00007ffd01772000 	C:\Windows\System32\fwpuclnt.dll
0x00007ffd076e0000 - 0x00007ffd07707000 	C:\Windows\System32\bcrypt.dll
0x00007ffd06f30000 - 0x00007ffd06f48000 	C:\Windows\SYSTEM32\CRYPTSP.dll
0x00007ffd06480000 - 0x00007ffd064b4000 	C:\Windows\system32\rsaenh.dll
0x00007ffd07440000 - 0x00007ffd0746e000 	C:\Windows\SYSTEM32\USERENV.dll
0x00007ffd06e60000 - 0x00007ffd06e6c000 	C:\Windows\SYSTEM32\CRYPTBASE.dll
0x00007ffd017e0000 - 0x00007ffd017f7000 	C:\Windows\SYSTEM32\dhcpcsvc6.DLL
0x00007ffd017c0000 - 0x00007ffd017dd000 	C:\Windows\SYSTEM32\dhcpcsvc.DLL
0x00007ffd03600000 - 0x00007ffd03691000 	C:\Windows\system32\apphelp.dll
0x00007ffd03910000 - 0x00007ffd03919000 	C:\Program Files\OpenLogic\jdk-11.0.19.7-hotspot\bin\management.dll
0x00007ffce8d90000 - 0x00007ffce8d9b000 	C:\Program Files\OpenLogic\jdk-11.0.19.7-hotspot\bin\management_ext.dll
0x00007ffcefdc0000 - 0x00007ffcefde7000 	C:\Program Files\OpenLogic\jdk-11.0.19.7-hotspot\bin\sunec.dll
0x00007ffd03970000 - 0x00007ffd0397e000 	C:\Program Files\OpenLogic\jdk-11.0.19.7-hotspot\bin\sunmscapi.dll
0x00007ffd07760000 - 0x00007ffd078be000 	C:\Windows\System32\CRYPT32.dll
0x00007ffd07040000 - 0x00007ffd07068000 	C:\Windows\SYSTEM32\ncrypt.dll
0x00007ffd07000000 - 0x00007ffd0703b000 	C:\Windows\SYSTEM32\NTASN1.dll

dbghelp: loaded successfully - version: 4.0.5 - missing functions: none
symbol engine: initialized successfully - sym options: 0x614 - pdb path: .;C:\Program Files\OpenLogic\jdk-11.0.19.7-hotspot\bin;C:\Windows\SYSTEM32;C:\Windows\WinSxS\amd64_microsoft.windows.common-controls_6595b64144ccf1df_6.0.19041.1110_none_60b5254171f9507e;C:\Windows\system32\tmumh\20019\AddOn\8.55.0.1257;C:\Windows\system32\tmumh\20019\TmMon\2.9.0.1048;C:\Windows\System32\TmLWE\TmUmSnsr64\1.0.0.1121;C:\Program Files\OpenLogic\jdk-11.0.19.7-hotspot\bin\server;C:\Program Files\JetBrains\IntelliJ IDEA Community Edition 2023.1\bin

VM Arguments:
jvm_args: -ea -Dwebdriver.base.url -Djunit.jupiter.extensions.autodetection.enabled=true -Didea.test.cyclic.buffer.size=1048576 -javaagent:C:\Program Files\JetBrains\IntelliJ IDEA Community Edition 2023.1\lib\idea_rt.jar=50851:C:\Program Files\JetBrains\IntelliJ IDEA Community Edition 2023.1\bin -Dfile.encoding=UTF-8 
java_command: com.intellij.rt.junit.JUnitStarter -ideVersion5 -junit5 starter.acceptancetests.WhenSearchingForTerms
java_class_path (initial): D:\User\mchittiveri\.m2\repository\org\junit\vintage\junit-vintage-engine\5.9.2\junit-vintage-engine-5.9.2.jar;C:\Program Files\JetBrains\IntelliJ IDEA Community Edition 2023.1\lib\idea_rt.jar;C:\Program Files\JetBrains\IntelliJ IDEA Community Edition 2023.1\plugins\junit\lib\junit5-rt.jar;C:\Program Files\JetBrains\IntelliJ IDEA Community Edition 2023.1\plugins\junit\lib\junit-rt.jar;D:\User\mchittiveri\IdeaProjects\serenity-junit-starter\target\test-classes;D:\User\mchittiveri\.m2\repository\org\seleniumhq\selenium\selenium-java\4.11.0\selenium-java-4.11.0.jar;D:\User\mchittiveri\.m2\repository\org\seleniumhq\selenium\selenium-api\4.11.0\selenium-api-4.11.0.jar;D:\User\mchittiveri\.m2\repository\org\seleniumhq\selenium\selenium-chrome-driver\4.11.0\selenium-chrome-driver-4.11.0.jar;D:\User\mchittiveri\.m2\repository\org\seleniumhq\selenium\selenium-chromium-driver\4.11.0\selenium-chromium-driver-4.11.0.jar;D:\User\mchittiveri\.m2\repository\org\seleniumhq\selenium\selenium-devtools-v113\4.11.0\selenium-devtools-v113-4.11.0.jar;D:\User\mchittiveri\.m2\repository\org\seleniumhq\selenium\selenium-devtools-v114\4.11.0\selenium-devtools-v114-4.11.0.jar;D:\User\mchittiveri\.m2\repository\org\seleniumhq\selenium\selenium-devtools-v115\4.11.0\selenium-devtools-v115-4.11.0.jar;D:\User\mchittiveri\.m2\repository\org\seleniumhq\selenium\selenium-devtools-v85\4.11.0\selenium-devtools-v85-4.11.0.jar;D:\User\mchittiveri\.m2\repository\org\seleniumhq\selenium\selenium-edge-driver\4.11.0\selenium-edge-driver-4.11.0.jar;D:\User\mchittiveri\.m2\repository\org\seleniumhq\selenium\selenium-firefox-driver\4.11.0\selenium-firefox-driver-4.11.0.jar;D:\User\mchittiveri\.m2\repository\org\seleniumhq\selenium\selenium-ie-driver\4.11.0\selenium-ie-driver-4.11.0.jar;D:\User\mchittiveri\.m2\repository\org\seleniumhq\selenium\selenium-safari-driver\4.11.0\selenium-safari-driver-4.11.0.jar;D:\User\mchittiveri\.m2\repository\org\seleniumhq\selenium\selenium-support\4
Launcher Type: SUN_STANDARD

[Global flags]
     intx CICompilerCount                          = 4                                         {product} {ergonomic}
     uint ConcGCThreads                            = 2                                         {product} {ergonomic}
     uint G1ConcRefinementThreads                  = 8                                         {product} {ergonomic}
   size_t G1HeapRegionSize                         = 1048576                                   {product} {ergonomic}
    uintx GCDrainStackTargetSize                   = 64                                        {product} {ergonomic}
   size_t InitialHeapSize                          = 264241152                                 {product} {ergonomic}
   size_t MarkStackSize                            = 4194304                                   {product} {ergonomic}
   size_t MaxHeapSize                              = 4227858432                                {product} {ergonomic}
   size_t MaxNewSize                               = 2536505344                                {product} {ergonomic}
   size_t MinHeapDeltaBytes                        = 1048576                                   {product} {ergonomic}
    uintx NonNMethodCodeHeapSize                   = 5836300                                {pd product} {ergonomic}
    uintx NonProfiledCodeHeapSize                  = 122910970                              {pd product} {ergonomic}
    uintx ProfiledCodeHeapSize                     = 122910970                              {pd product} {ergonomic}
    uintx ReservedCodeCacheSize                    = 251658240                              {pd product} {ergonomic}
     bool SegmentedCodeCache                       = true                                      {product} {ergonomic}
     bool UseCompressedClassPointers               = true                                 {lp64_product} {ergonomic}
     bool UseCompressedOops                        = true                                 {lp64_product} {ergonomic}
     bool UseG1GC                                  = true                                      {product} {ergonomic}
     bool UseLargePagesIndividualAllocation        = false                                  {pd product} {ergonomic}

Logging:
Log output configuration:
 #0: stdout all=warning uptime,level,tags
 #1: stderr all=off uptime,level,tags

Environment Variables:
JAVA_HOME=C:\Program Files\OpenLogic\jdk-11.0.19.7-hotspot\
PATH=C:\Program Files\dotnet\;C:\Program Files\OpenLogic\jre-11.0.19.7-hotspot\bin;C:\Program Files\OpenLogic\jdk-11.0.19.7-hotspot\bin;C:\Windows\system32;C:\Windows;C:\Windows\System32\Wbem;C:\Windows\System32\WindowsPowerShell\v1.0\;C:\Windows\System32\OpenSSH\;C:\Program Files (x86)\dotnet\;C:\Program Files\PuTTY\;D:\User\mchittiveri\Downloads\gradle-8.1.1-all\gradle-8.1.1\bin;C:\Program Files\nodejs\;C:\Program Files\Docker\Docker\resources\bin;C:\Program Files\Python311;C:\Program Files\Python311\Scripts;C:\Program Files\dotnet\sdk\8.0.100-preview.5.23303.2;D:\User\mchittiveri\dotnet-sdk;D:\User\mchittiveri\AppData\Local\Microsoft\WindowsApps;D:\User\mchittiveri\AppData\Local\JetBrains\IntelliJ IDEA Community Edition 2021.3.2\bin;;C:\Program Files\apache-maven-3.8.4-bin\apache-maven-3.8.4;D:\User\mchittiveri\AppData\Local\Programs\Git\cmd;D:\Drivers;D:\apache-maven\bin;D:\User\mchittiveri\.m2\repository\org\jacoco\org.jacoco.agent\0.8.10;D:\User\mchittiveri\AppData\Local\Programs\Microsoft VS Code\bin;D:\User\mchittiveri\AppData\Roaming\npm;D:\User\mchittiveri\AppData\Local\JetBrains\PyCharm Community Edition 2023.1.2\bin;;D:\User\mchittiveri\eclipse\java-2021-12\eclipse;D:\User\mchittiveri\.dotnet\tools
USERNAME=mchittiveri
OS=Windows_NT
PROCESSOR_IDENTIFIER=Intel64 Family 6 Model 140 Stepping 1, GenuineIntel
TMP=D:\User\MCHITT~1\AppData\Local\Temp
TEMP=D:\User\MCHITT~1\AppData\Local\Temp



---------------  S Y S T E M  ---------------

OS: Windows 10 , 64 bit Build 19041 (10.0.19041.3155)
OS uptime: 0 days 5:31 hours
Hyper-V role detected

CPU:total 8 (initial active 8) (4 cores per cpu, 2 threads per core) family 6 model 140 stepping 1 microcode 0x86, cmov, cx8, fxsr, mmx, sse, sse2, sse3, ssse3, sse4.1, sse4.2, popcnt, avx, avx2, aes, clmul, erms, 3dnowpref, lzcnt, ht, tsc, tscinvbit, bmi1, bmi2, adx, evex, sha, fma

Memory: 4k page, system-wide physical 16126M (51M free)
TotalPageFile size 29326M (AvailPageFile size 7M)
current process WorkingSet (physical memory assigned to process): 273M, peak: 300M
current process commit charge ("private bytes"): 476M, peak: 489M

vm_info: OpenJDK 64-Bit Server VM (11.0.19+7-adhoc..jdk11u) for windows-amd64 JRE (11.0.19+7-adhoc..jdk11u), built on Apr 20 2023 07:05:23 by "" with MS VC++ 16.10 / 16.11 (VS2019)

END.
